#
# A fatal error has been detected by the Java Runtime Environment:
#
#  SIGSEGV (0xb) at pc=0x00007fe2fba4aba0, pid=15522, tid=15536
#
# JRE version: OpenJDK Runtime Environment (12.0.1+12) (build 12.0.1+12-Ubuntu-1)
# Java VM: OpenJDK 64-Bit Server VM (12.0.1+12-Ubuntu-1, mixed mode, sharing, tiered, compressed oops, g1 gc, linux-amd64)
# Problematic frame:
# C  0x00007fe2fba4aba0
#
# Core dump will be written. Default location: Core dumps may be processed with "/usr/share/apport/apport %p %s %c %d %P" (or dumping to /home/thlavlu/Dropbox/Programming/NetBean/CSE220/LAB10/core.15522)
#
# If you would like to submit a bug report, please visit:
#   Unknown
#

---------------  S U M M A R Y ------------

Command Line: -Dfile.encoding=UTF-8 --module-path=/home/thlavlu/Dropbox/Programming/NetBean/CSE220/LAB10/build/classes lab10.LAB10

Host: AMD FX(tm)-8150 Eight-Core Processor, 8 cores, 7G, Ubuntu 19.04
Time: Mon Jul 22 10:26:35 2019 +06 elapsed time: 0 seconds (0d 0h 0m 0s)

---------------  T H R E A D  ---------------

Current thread (0x00007fe284126800):  JavaThread "C2 CompilerThread0" daemon [_thread_in_native, id=15536, stack(0x00007fe24ecc6000,0x00007fe24edc7000)]


Current CompileTask:
C2:    141  162       4       java.lang.String::equals (65 bytes)

Stack: [0x00007fe24ecc6000,0x00007fe24edc7000],  sp=0x00007fe24edc2718,  free space=1009k
Native frames: (J=compiled Java code, A=aot compiled Java code, j=interpreted, Vv=VM code, C=native code)
C  0x00007fe2fba4aba0
V  [libjvm.so+0xad23c2]
V  [libjvm.so+0xad5879]
V  [libjvm.so+0xad949f]
V  [libjvm.so+0x5f06e0]
V  [libjvm.so+0x5f4189]
V  [libjvm.so+0x524a01]
V  [libjvm.so+0x5fcbfa]
V  [libjvm.so+0x5fde78]
V  [libjvm.so+0xe45ef4]
V  [libjvm.so+0xe42139]
V  [libjvm.so+0xb8b12e]


siginfo: si_signo: 11 (SIGSEGV), si_code: 1 (SEGV_MAPERR), si_addr: 0x00007fe2fba4aba0

Register to memory mapping:

RAX=0x00007fe2898a4c40: <offset 0x00000000011dcc40> in /usr/lib/jvm/java-12-openjdk-amd64/lib/server/libjvm.so at 0x00007fe2886c8000
RBX=0x00007fe23c013730 points into unknown readable memory: 40 4c 8a 89 e2 7f 00 00
RCX=0x0000000000000001 is an unknown value
RDX=0x00007fe24edc3fd0 is pointing into the stack for thread: 0x00007fe284126800
RSP=0x00007fe24edc2718 is pointing into the stack for thread: 0x00007fe284126800
RBP=0x00007fe24edc2760 is pointing into the stack for thread: 0x00007fe284126800
RSI=0x00007fe23c042980 points into unknown readable memory: 00 00 00 00 00 00 00 00
RDI=0x00007fe23c013730 points into unknown readable memory: 40 4c 8a 89 e2 7f 00 00
R8 =0x00007fe23c013730 points into unknown readable memory: 40 4c 8a 89 e2 7f 00 00
R9 =0x00007fe23c013968 points into unknown readable memory: c8 0b 03 30 e2 7f 00 00
R10=0x00007fe230010430 points into unknown readable memory: 00 00 00 00 00 00 00 00
R11=0x00007fe230030b78 points into unknown readable memory: c8 7f 8f 89 e2 7f 00 00
R12=0x00007fe24edc3580 is pointing into the stack for thread: 0x00007fe284126800
R13=0x00007fe23c042980 points into unknown readable memory: 00 00 00 00 00 00 00 00
R14=0x0 is NULL
R15=0x00007fe230030f10 points into unknown readable memory: d0 3a 90 89 e2 7f 00 00


Registers:
RAX=0x00007fe2898a4c40, RBX=0x00007fe23c013730, RCX=0x0000000000000001, RDX=0x00007fe24edc3fd0
RSP=0x00007fe24edc2718, RBP=0x00007fe24edc2760, RSI=0x00007fe23c042980, RDI=0x00007fe23c013730
R8 =0x00007fe23c013730, R9 =0x00007fe23c013968, R10=0x00007fe230010430, R11=0x00007fe230030b78
R12=0x00007fe24edc3580, R13=0x00007fe23c042980, R14=0x0000000000000000, R15=0x00007fe230030f10
RIP=0x00007fe2fba4aba0, EFLAGS=0x0000000000010287, CSGSFS=0x002b000000000033, ERR=0x0000000000000014
  TRAPNO=0x000000000000000e

Top of Stack: (sp=0x00007fe24edc2718)
0x00007fe24edc2718:   00007fe289199ee2 00007fe23c10eb00
0x00007fe24edc2728:   00007fe24edc27a8 00007fe2300310a0
0x00007fe24edc2738:   0000000000000000 00007fe24edc3f08
0x00007fe24edc2748:   00007fe230030f10 0000000000000000 

Instructions: (pc=0x00007fe2fba4aba0)
0x00007fe2fba4ab80:   
[error occurred during error reporting (printing registers, top of stack, instructions near pc), id 0xb, SIGSEGV (0xb) at pc=0x00007fe289243bea]

Stack slot to memory mapping:
stack at sp + 0 slots: 0x00007fe289199ee2: <offset 0x0000000000ad1ee2> in /usr/lib/jvm/java-12-openjdk-amd64/lib/server/libjvm.so at 0x00007fe2886c8000
stack at sp + 1 slots: 0x00007fe23c10eb00 points into unknown readable memory: 18 1a 90 89 e2 7f 00 00
stack at sp + 2 slots: 0x00007fe24edc27a8 is pointing into the stack for thread: 0x00007fe284126800
stack at sp + 3 slots: 0x00007fe2300310a0 points into unknown readable memory: e8 21 90 89 e2 7f 00 00
stack at sp + 4 slots: 0x0 is NULL
stack at sp + 5 slots: 0x00007fe24edc3f08 is pointing into the stack for thread: 0x00007fe284126800
stack at sp + 6 slots: 0x00007fe230030f10 points into unknown readable memory: d0 3a 90 89 e2 7f 00 00
stack at sp + 7 slots: 0x0 is NULL


---------------  P R O C E S S  ---------------

Threads class SMR info:
_java_thread_list=0x00007fe28417ca50, length=9, elements={
0x00007fe284011000, 0x00007fe28411c000, 0x00007fe28411e000, 0x00007fe284124800,
0x00007fe284126800, 0x00007fe284128800, 0x00007fe28412a800, 0x00007fe284144000,
0x00007fe28417b800
}

Java Threads: ( => current thread )
  0x00007fe284011000 JavaThread "main" [_thread_in_Java, id=15526, stack(0x00007fe28826f000,0x00007fe288370000)]
  0x00007fe28411c000 JavaThread "Reference Handler" daemon [_thread_blocked, id=15533, stack(0x00007fe24fdfd000,0x00007fe24fefe000)]
  0x00007fe28411e000 JavaThread "Finalizer" daemon [_thread_blocked, id=15534, stack(0x00007fe24fcfc000,0x00007fe24fdfd000)]
  0x00007fe284124800 JavaThread "Signal Dispatcher" daemon [_thread_blocked, id=15535, stack(0x00007fe24edc7000,0x00007fe24eec8000)]
=>0x00007fe284126800 JavaThread "C2 CompilerThread0" daemon [_thread_in_native, id=15536, stack(0x00007fe24ecc6000,0x00007fe24edc7000)]
  0x00007fe284128800 JavaThread "C1 CompilerThread0" daemon [_thread_in_native, id=15537, stack(0x00007fe24ebc5000,0x00007fe24ecc6000)]
  0x00007fe28412a800 JavaThread "Sweeper thread" daemon [_thread_blocked, id=15538, stack(0x00007fe24eac4000,0x00007fe24ebc5000)]
  0x00007fe284144000 JavaThread "Common-Cleaner" daemon [_thread_blocked, id=15539, stack(0x00007fe24e992000,0x00007fe24ea93000)]
  0x00007fe28417b800 JavaThread "Service Thread" daemon [_thread_blocked, id=15540, stack(0x00007fe24e891000,0x00007fe24e992000)]

Other Threads:
  0x00007fe284119000 VMThread "VM Thread" [stack: 0x00007fe24ff00000,0x00007fe250000000] [id=15532]
  0x00007fe28417d800 WatcherThread [stack: 0x00007fe24e791000,0x00007fe24e891000] [id=15541]
  0x00007fe28404f800 GCTaskThread "GC Thread#0" [stack: 0x00007fe267593000,0x00007fe267693000] [id=15527]
  0x00007fe28405d800 ConcurrentGCThread "G1 Main Marker" [stack: 0x00007fe267491000,0x00007fe267591000] [id=15528]
  0x00007fe28405f800 ConcurrentGCThread "G1 Conc#0" [stack: 0x00007fe26738f000,0x00007fe26748f000] [id=15529]
  0x00007fe2840e8000 ConcurrentGCThread "G1 Refine#0" [stack: 0x00007fe264a85000,0x00007fe264b85000] [id=15530]
  0x00007fe2840e9800 ConcurrentGCThread "G1 Young RemSet Sampling" [stack: 0x00007fe264983000,0x00007fe264a83000] [id=15531]

Threads with active compile tasks:
C2 CompilerThread0   162       4       java.lang.String::equals (65 bytes)
C1 CompilerThread0   234       3       java.lang.invoke.MemberName::testAllFlags (7 bytes)

VM state:not at safepoint (normal execution)

VM Mutex/Monitor currently owned by a thread: None

Heap address: 0x0000000084200000, size: 1982 MB, Compressed Oops mode: 32-bit
Narrow klass base: 0x0000000800000000, Narrow klass shift: 3
Compressed class space size: 1073741824 Address: 0x0000000801114000

Heap:
 garbage-first heap   total 129024K, used 1760K [0x0000000084200000, 0x0000000100000000)
  region size 1024K, 2 young (2048K), 0 survivors (0K)
 Metaspace       used 658K, capacity 4547K, committed 4864K, reserved 1056768K
  class space    used 66K, capacity 410K, committed 512K, reserved 1048576K
Heap Regions: E=young(eden), S=young(survivor), O=old, HS=humongous(starts), HC=humongous(continues), CS=collection set, F=free, A=archive, TAMS=top-at-mark-start (previous, next)
|   0|0x0000000084200000, 0x0000000084200000, 0x0000000084300000|  0%| F|  |TAMS 0x0000000084200000, 0x0000000084200000| Untracked 
|   1|0x0000000084300000, 0x0000000084300000, 0x0000000084400000|  0%| F|  |TAMS 0x0000000084300000, 0x0000000084300000| Untracked 
|   2|0x0000000084400000, 0x0000000084400000, 0x0000000084500000|  0%| F|  |TAMS 0x0000000084400000, 0x0000000084400000| Untracked 
|   3|0x0000000084500000, 0x0000000084500000, 0x0000000084600000|  0%| F|  |TAMS 0x0000000084500000, 0x0000000084500000| Untracked 
|   4|0x0000000084600000, 0x0000000084600000, 0x0000000084700000|  0%| F|  |TAMS 0x0000000084600000, 0x0000000084600000| Untracked 
|   5|0x0000000084700000, 0x0000000084700000, 0x0000000084800000|  0%| F|  |TAMS 0x0000000084700000, 0x0000000084700000| Untracked 
|   6|0x0000000084800000, 0x0000000084800000, 0x0000000084900000|  0%| F|  |TAMS 0x0000000084800000, 0x0000000084800000| Untracked 
|   7|0x0000000084900000, 0x0000000084900000, 0x0000000084a00000|  0%| F|  |TAMS 0x0000000084900000, 0x0000000084900000| Untracked 
|   8|0x0000000084a00000, 0x0000000084a00000, 0x0000000084b00000|  0%| F|  |TAMS 0x0000000084a00000, 0x0000000084a00000| Untracked 
|   9|0x0000000084b00000, 0x0000000084b00000, 0x0000000084c00000|  0%| F|  |TAMS 0x0000000084b00000, 0x0000000084b00000| Untracked 
|  10|0x0000000084c00000, 0x0000000084c00000, 0x0000000084d00000|  0%| F|  |TAMS 0x0000000084c00000, 0x0000000084c00000| Untracked 
|  11|0x0000000084d00000, 0x0000000084d00000, 0x0000000084e00000|  0%| F|  |TAMS 0x0000000084d00000, 0x0000000084d00000| Untracked 
|  12|0x0000000084e00000, 0x0000000084e00000, 0x0000000084f00000|  0%| F|  |TAMS 0x0000000084e00000, 0x0000000084e00000| Untracked 
|  13|0x0000000084f00000, 0x0000000084f00000, 0x0000000085000000|  0%| F|  |TAMS 0x0000000084f00000, 0x0000000084f00000| Untracked 
|  14|0x0000000085000000, 0x0000000085000000, 0x0000000085100000|  0%| F|  |TAMS 0x0000000085000000, 0x0000000085000000| Untracked 
|  15|0x0000000085100000, 0x0000000085100000, 0x0000000085200000|  0%| F|  |TAMS 0x0000000085100000, 0x0000000085100000| Untracked 
|  16|0x0000000085200000, 0x0000000085200000, 0x0000000085300000|  0%| F|  |TAMS 0x0000000085200000, 0x0000000085200000| Untracked 
|  17|0x0000000085300000, 0x0000000085300000, 0x0000000085400000|  0%| F|  |TAMS 0x0000000085300000, 0x0000000085300000| Untracked 
|  18|0x0000000085400000, 0x0000000085400000, 0x0000000085500000|  0%| F|  |TAMS 0x0000000085400000, 0x0000000085400000| Untracked 
|  19|0x0000000085500000, 0x0000000085500000, 0x0000000085600000|  0%| F|  |TAMS 0x0000000085500000, 0x0000000085500000| Untracked 
|  20|0x0000000085600000, 0x0000000085600000, 0x0000000085700000|  0%| F|  |TAMS 0x0000000085600000, 0x0000000085600000| Untracked 
|  21|0x0000000085700000, 0x0000000085700000, 0x0000000085800000|  0%| F|  |TAMS 0x0000000085700000, 0x0000000085700000| Untracked 
|  22|0x0000000085800000, 0x0000000085800000, 0x0000000085900000|  0%| F|  |TAMS 0x0000000085800000, 0x0000000085800000| Untracked 
|  23|0x0000000085900000, 0x0000000085900000, 0x0000000085a00000|  0%| F|  |TAMS 0x0000000085900000, 0x0000000085900000| Untracked 
|  24|0x0000000085a00000, 0x0000000085a00000, 0x0000000085b00000|  0%| F|  |TAMS 0x0000000085a00000, 0x0000000085a00000| Untracked 
|  25|0x0000000085b00000, 0x0000000085b00000, 0x0000000085c00000|  0%| F|  |TAMS 0x0000000085b00000, 0x0000000085b00000| Untracked 
|  26|0x0000000085c00000, 0x0000000085c00000, 0x0000000085d00000|  0%| F|  |TAMS 0x0000000085c00000, 0x0000000085c00000| Untracked 
|  27|0x0000000085d00000, 0x0000000085d00000, 0x0000000085e00000|  0%| F|  |TAMS 0x0000000085d00000, 0x0000000085d00000| Untracked 
|  28|0x0000000085e00000, 0x0000000085e00000, 0x0000000085f00000|  0%| F|  |TAMS 0x0000000085e00000, 0x0000000085e00000| Untracked 
|  29|0x0000000085f00000, 0x0000000085f00000, 0x0000000086000000|  0%| F|  |TAMS 0x0000000085f00000, 0x0000000085f00000| Untracked 
|  30|0x0000000086000000, 0x0000000086000000, 0x0000000086100000|  0%| F|  |TAMS 0x0000000086000000, 0x0000000086000000| Untracked 
|  31|0x0000000086100000, 0x0000000086100000, 0x0000000086200000|  0%| F|  |TAMS 0x0000000086100000, 0x0000000086100000| Untracked 
|  32|0x0000000086200000, 0x0000000086200000, 0x0000000086300000|  0%| F|  |TAMS 0x0000000086200000, 0x0000000086200000| Untracked 
|  33|0x0000000086300000, 0x0000000086300000, 0x0000000086400000|  0%| F|  |TAMS 0x0000000086300000, 0x0000000086300000| Untracked 
|  34|0x0000000086400000, 0x0000000086400000, 0x0000000086500000|  0%| F|  |TAMS 0x0000000086400000, 0x0000000086400000| Untracked 
|  35|0x0000000086500000, 0x0000000086500000, 0x0000000086600000|  0%| F|  |TAMS 0x0000000086500000, 0x0000000086500000| Untracked 
|  36|0x0000000086600000, 0x0000000086600000, 0x0000000086700000|  0%| F|  |TAMS 0x0000000086600000, 0x0000000086600000| Untracked 
|  37|0x0000000086700000, 0x0000000086700000, 0x0000000086800000|  0%| F|  |TAMS 0x0000000086700000, 0x0000000086700000| Untracked 
|  38|0x0000000086800000, 0x0000000086800000, 0x0000000086900000|  0%| F|  |TAMS 0x0000000086800000, 0x0000000086800000| Untracked 
|  39|0x0000000086900000, 0x0000000086900000, 0x0000000086a00000|  0%| F|  |TAMS 0x0000000086900000, 0x0000000086900000| Untracked 
|  40|0x0000000086a00000, 0x0000000086a00000, 0x0000000086b00000|  0%| F|  |TAMS 0x0000000086a00000, 0x0000000086a00000| Untracked 
|  41|0x0000000086b00000, 0x0000000086b00000, 0x0000000086c00000|  0%| F|  |TAMS 0x0000000086b00000, 0x0000000086b00000| Untracked 
|  42|0x0000000086c00000, 0x0000000086c00000, 0x0000000086d00000|  0%| F|  |TAMS 0x0000000086c00000, 0x0000000086c00000| Untracked 
|  43|0x0000000086d00000, 0x0000000086d00000, 0x0000000086e00000|  0%| F|  |TAMS 0x0000000086d00000, 0x0000000086d00000| Untracked 
|  44|0x0000000086e00000, 0x0000000086e00000, 0x0000000086f00000|  0%| F|  |TAMS 0x0000000086e00000, 0x0000000086e00000| Untracked 
|  45|0x0000000086f00000, 0x0000000086f00000, 0x0000000087000000|  0%| F|  |TAMS 0x0000000086f00000, 0x0000000086f00000| Untracked 
|  46|0x0000000087000000, 0x0000000087000000, 0x0000000087100000|  0%| F|  |TAMS 0x0000000087000000, 0x0000000087000000| Untracked 
|  47|0x0000000087100000, 0x0000000087100000, 0x0000000087200000|  0%| F|  |TAMS 0x0000000087100000, 0x0000000087100000| Untracked 
|  48|0x0000000087200000, 0x0000000087200000, 0x0000000087300000|  0%| F|  |TAMS 0x0000000087200000, 0x0000000087200000| Untracked 
|  49|0x0000000087300000, 0x0000000087300000, 0x0000000087400000|  0%| F|  |TAMS 0x0000000087300000, 0x0000000087300000| Untracked 
|  50|0x0000000087400000, 0x0000000087400000, 0x0000000087500000|  0%| F|  |TAMS 0x0000000087400000, 0x0000000087400000| Untracked 
|  51|0x0000000087500000, 0x0000000087500000, 0x0000000087600000|  0%| F|  |TAMS 0x0000000087500000, 0x0000000087500000| Untracked 
|  52|0x0000000087600000, 0x0000000087600000, 0x0000000087700000|  0%| F|  |TAMS 0x0000000087600000, 0x0000000087600000| Untracked 
|  53|0x0000000087700000, 0x0000000087700000, 0x0000000087800000|  0%| F|  |TAMS 0x0000000087700000, 0x0000000087700000| Untracked 
|  54|0x0000000087800000, 0x0000000087800000, 0x0000000087900000|  0%| F|  |TAMS 0x0000000087800000, 0x0000000087800000| Untracked 
|  55|0x0000000087900000, 0x0000000087900000, 0x0000000087a00000|  0%| F|  |TAMS 0x0000000087900000, 0x0000000087900000| Untracked 
|  56|0x0000000087a00000, 0x0000000087a00000, 0x0000000087b00000|  0%| F|  |TAMS 0x0000000087a00000, 0x0000000087a00000| Untracked 
|  57|0x0000000087b00000, 0x0000000087b00000, 0x0000000087c00000|  0%| F|  |TAMS 0x0000000087b00000, 0x0000000087b00000| Untracked 
|  58|0x0000000087c00000, 0x0000000087c00000, 0x0000000087d00000|  0%| F|  |TAMS 0x0000000087c00000, 0x0000000087c00000| Untracked 
|  59|0x0000000087d00000, 0x0000000087d00000, 0x0000000087e00000|  0%| F|  |TAMS 0x0000000087d00000, 0x0000000087d00000| Untracked 
|  60|0x0000000087e00000, 0x0000000087e00000, 0x0000000087f00000|  0%| F|  |TAMS 0x0000000087e00000, 0x0000000087e00000| Untracked 
|  61|0x0000000087f00000, 0x0000000087f00000, 0x0000000088000000|  0%| F|  |TAMS 0x0000000087f00000, 0x0000000087f00000| Untracked 
|  62|0x0000000088000000, 0x0000000088000000, 0x0000000088100000|  0%| F|  |TAMS 0x0000000088000000, 0x0000000088000000| Untracked 
|  63|0x0000000088100000, 0x0000000088100000, 0x0000000088200000|  0%| F|  |TAMS 0x0000000088100000, 0x0000000088100000| Untracked 
|  64|0x0000000088200000, 0x0000000088200000, 0x0000000088300000|  0%| F|  |TAMS 0x0000000088200000, 0x0000000088200000| Untracked 
|  65|0x0000000088300000, 0x0000000088300000, 0x0000000088400000|  0%| F|  |TAMS 0x0000000088300000, 0x0000000088300000| Untracked 
|  66|0x0000000088400000, 0x0000000088400000, 0x0000000088500000|  0%| F|  |TAMS 0x0000000088400000, 0x0000000088400000| Untracked 
|  67|0x0000000088500000, 0x0000000088500000, 0x0000000088600000|  0%| F|  |TAMS 0x0000000088500000, 0x0000000088500000| Untracked 
|  68|0x0000000088600000, 0x0000000088600000, 0x0000000088700000|  0%| F|  |TAMS 0x0000000088600000, 0x0000000088600000| Untracked 
|  69|0x0000000088700000, 0x0000000088700000, 0x0000000088800000|  0%| F|  |TAMS 0x0000000088700000, 0x0000000088700000| Untracked 
|  70|0x0000000088800000, 0x0000000088800000, 0x0000000088900000|  0%| F|  |TAMS 0x0000000088800000, 0x0000000088800000| Untracked 
|  71|0x0000000088900000, 0x0000000088900000, 0x0000000088a00000|  0%| F|  |TAMS 0x0000000088900000, 0x0000000088900000| Untracked 
|  72|0x0000000088a00000, 0x0000000088a00000, 0x0000000088b00000|  0%| F|  |TAMS 0x0000000088a00000, 0x0000000088a00000| Untracked 
|  73|0x0000000088b00000, 0x0000000088b00000, 0x0000000088c00000|  0%| F|  |TAMS 0x0000000088b00000, 0x0000000088b00000| Untracked 
|  74|0x0000000088c00000, 0x0000000088c00000, 0x0000000088d00000|  0%| F|  |TAMS 0x0000000088c00000, 0x0000000088c00000| Untracked 
|  75|0x0000000088d00000, 0x0000000088d00000, 0x0000000088e00000|  0%| F|  |TAMS 0x0000000088d00000, 0x0000000088d00000| Untracked 
|  76|0x0000000088e00000, 0x0000000088e00000, 0x0000000088f00000|  0%| F|  |TAMS 0x0000000088e00000, 0x0000000088e00000| Untracked 
|  77|0x0000000088f00000, 0x0000000088f00000, 0x0000000089000000|  0%| F|  |TAMS 0x0000000088f00000, 0x0000000088f00000| Untracked 
|  78|0x0000000089000000, 0x0000000089000000, 0x0000000089100000|  0%| F|  |TAMS 0x0000000089000000, 0x0000000089000000| Untracked 
|  79|0x0000000089100000, 0x0000000089100000, 0x0000000089200000|  0%| F|  |TAMS 0x0000000089100000, 0x0000000089100000| Untracked 
|  80|0x0000000089200000, 0x0000000089200000, 0x0000000089300000|  0%| F|  |TAMS 0x0000000089200000, 0x0000000089200000| Untracked 
|  81|0x0000000089300000, 0x0000000089300000, 0x0000000089400000|  0%| F|  |TAMS 0x0000000089300000, 0x0000000089300000| Untracked 
|  82|0x0000000089400000, 0x0000000089400000, 0x0000000089500000|  0%| F|  |TAMS 0x0000000089400000, 0x0000000089400000| Untracked 
|  83|0x0000000089500000, 0x0000000089500000, 0x0000000089600000|  0%| F|  |TAMS 0x0000000089500000, 0x0000000089500000| Untracked 
|  84|0x0000000089600000, 0x0000000089600000, 0x0000000089700000|  0%| F|  |TAMS 0x0000000089600000, 0x0000000089600000| Untracked 
|  85|0x0000000089700000, 0x0000000089700000, 0x0000000089800000|  0%| F|  |TAMS 0x0000000089700000, 0x0000000089700000| Untracked 
|  86|0x0000000089800000, 0x0000000089800000, 0x0000000089900000|  0%| F|  |TAMS 0x0000000089800000, 0x0000000089800000| Untracked 
|  87|0x0000000089900000, 0x0000000089900000, 0x0000000089a00000|  0%| F|  |TAMS 0x0000000089900000, 0x0000000089900000| Untracked 
|  88|0x0000000089a00000, 0x0000000089a00000, 0x0000000089b00000|  0%| F|  |TAMS 0x0000000089a00000, 0x0000000089a00000| Untracked 
|  89|0x0000000089b00000, 0x0000000089b00000, 0x0000000089c00000|  0%| F|  |TAMS 0x0000000089b00000, 0x0000000089b00000| Untracked 
|  90|0x0000000089c00000, 0x0000000089c00000, 0x0000000089d00000|  0%| F|  |TAMS 0x0000000089c00000, 0x0000000089c00000| Untracked 
|  91|0x0000000089d00000, 0x0000000089d00000, 0x0000000089e00000|  0%| F|  |TAMS 0x0000000089d00000, 0x0000000089d00000| Untracked 
|  92|0x0000000089e00000, 0x0000000089e00000, 0x0000000089f00000|  0%| F|  |TAMS 0x0000000089e00000, 0x0000000089e00000| Untracked 
|  93|0x0000000089f00000, 0x0000000089f00000, 0x000000008a000000|  0%| F|  |TAMS 0x0000000089f00000, 0x0000000089f00000| Untracked 
|  94|0x000000008a000000, 0x000000008a000000, 0x000000008a100000|  0%| F|  |TAMS 0x000000008a000000, 0x000000008a000000| Untracked 
|  95|0x000000008a100000, 0x000000008a100000, 0x000000008a200000|  0%| F|  |TAMS 0x000000008a100000, 0x000000008a100000| Untracked 
|  96|0x000000008a200000, 0x000000008a200000, 0x000000008a300000|  0%| F|  |TAMS 0x000000008a200000, 0x000000008a200000| Untracked 
|  97|0x000000008a300000, 0x000000008a300000, 0x000000008a400000|  0%| F|  |TAMS 0x000000008a300000, 0x000000008a300000| Untracked 
|  98|0x000000008a400000, 0x000000008a400000, 0x000000008a500000|  0%| F|  |TAMS 0x000000008a400000, 0x000000008a400000| Untracked 
|  99|0x000000008a500000, 0x000000008a500000, 0x000000008a600000|  0%| F|  |TAMS 0x000000008a500000, 0x000000008a500000| Untracked 
| 100|0x000000008a600000, 0x000000008a600000, 0x000000008a700000|  0%| F|  |TAMS 0x000000008a600000, 0x000000008a600000| Untracked 
| 101|0x000000008a700000, 0x000000008a700000, 0x000000008a800000|  0%| F|  |TAMS 0x000000008a700000, 0x000000008a700000| Untracked 
| 102|0x000000008a800000, 0x000000008a800000, 0x000000008a900000|  0%| F|  |TAMS 0x000000008a800000, 0x000000008a800000| Untracked 
| 103|0x000000008a900000, 0x000000008a900000, 0x000000008aa00000|  0%| F|  |TAMS 0x000000008a900000, 0x000000008a900000| Untracked 
| 104|0x000000008aa00000, 0x000000008aa00000, 0x000000008ab00000|  0%| F|  |TAMS 0x000000008aa00000, 0x000000008aa00000| Untracked 
| 105|0x000000008ab00000, 0x000000008ab00000, 0x000000008ac00000|  0%| F|  |TAMS 0x000000008ab00000, 0x000000008ab00000| Untracked 
| 106|0x000000008ac00000, 0x000000008ac00000, 0x000000008ad00000|  0%| F|  |TAMS 0x000000008ac00000, 0x000000008ac00000| Untracked 
| 107|0x000000008ad00000, 0x000000008ad00000, 0x000000008ae00000|  0%| F|  |TAMS 0x000000008ad00000, 0x000000008ad00000| Untracked 
| 108|0x000000008ae00000, 0x000000008ae00000, 0x000000008af00000|  0%| F|  |TAMS 0x000000008ae00000, 0x000000008ae00000| Untracked 
| 109|0x000000008af00000, 0x000000008af00000, 0x000000008b000000|  0%| F|  |TAMS 0x000000008af00000, 0x000000008af00000| Untracked 
| 110|0x000000008b000000, 0x000000008b000000, 0x000000008b100000|  0%| F|  |TAMS 0x000000008b000000, 0x000000008b000000| Untracked 
| 111|0x000000008b100000, 0x000000008b100000, 0x000000008b200000|  0%| F|  |TAMS 0x000000008b100000, 0x000000008b100000| Untracked 
| 112|0x000000008b200000, 0x000000008b200000, 0x000000008b300000|  0%| F|  |TAMS 0x000000008b200000, 0x000000008b200000| Untracked 
| 113|0x000000008b300000, 0x000000008b300000, 0x000000008b400000|  0%| F|  |TAMS 0x000000008b300000, 0x000000008b300000| Untracked 
| 114|0x000000008b400000, 0x000000008b400000, 0x000000008b500000|  0%| F|  |TAMS 0x000000008b400000, 0x000000008b400000| Untracked 
| 115|0x000000008b500000, 0x000000008b500000, 0x000000008b600000|  0%| F|  |TAMS 0x000000008b500000, 0x000000008b500000| Untracked 
| 116|0x000000008b600000, 0x000000008b600000, 0x000000008b700000|  0%| F|  |TAMS 0x000000008b600000, 0x000000008b600000| Untracked 
| 117|0x000000008b700000, 0x000000008b700000, 0x000000008b800000|  0%| F|  |TAMS 0x000000008b700000, 0x000000008b700000| Untracked 
| 118|0x000000008b800000, 0x000000008b800000, 0x000000008b900000|  0%| F|  |TAMS 0x000000008b800000, 0x000000008b800000| Untracked 
| 119|0x000000008b900000, 0x000000008b900000, 0x000000008ba00000|  0%| F|  |TAMS 0x000000008b900000, 0x000000008b900000| Untracked 
| 120|0x000000008ba00000, 0x000000008ba00000, 0x000000008bb00000|  0%| F|  |TAMS 0x000000008ba00000, 0x000000008ba00000| Untracked 
| 121|0x000000008bb00000, 0x000000008bb00000, 0x000000008bc00000|  0%| F|  |TAMS 0x000000008bb00000, 0x000000008bb00000| Untracked 
| 122|0x000000008bc00000, 0x000000008bc7b630, 0x000000008bd00000| 48%| E|  |TAMS 0x000000008bc00000, 0x000000008bc00000| Complete 
| 123|0x000000008bd00000, 0x000000008be00000, 0x000000008be00000|100%| E|CS|TAMS 0x000000008bd00000, 0x000000008bd00000| Complete 
|1980|0x00000000ffe00000, 0x00000000ffe46000, 0x00000000fff00000| 27%|OA|  |TAMS 0x00000000ffe00000, 0x00000000ffe00000| Untracked 
|1981|0x00000000fff00000, 0x00000000fff72000, 0x0000000100000000| 44%|CA|  |TAMS 0x00000000fff00000, 0x00000000fff00000| Untracked 

Card table byte_map: [0x00007fe26b8e2000,0x00007fe26bcc1000] _byte_map_base: 0x00007fe26b4c1000

Marking Bits (Prev, Next): (CMBitMap*) 0x00007fe284050ff8, (CMBitMap*) 0x00007fe284051038
 Prev Bits: [0x00007fe26960b000, 0x00007fe26b503000)
 Next Bits: [0x00007fe267713000, 0x00007fe26960b000)

Polling page: 0x00007fe289c8d000

Metaspace:

Usage:
  Non-class:      4.04 MB capacity,   591.84 KB ( 14%) used,     3.46 MB ( 86%) free+waste,     2.44 KB ( <1%) overhead. 
      Class:    410.00 KB capacity,    66.65 KB ( 16%) used,   341.73 KB ( 83%) free+waste,     1.62 KB ( <1%) overhead. 
       Both:      4.44 MB capacity,   658.49 KB ( 14%) used,     3.79 MB ( 85%) free+waste,     4.06 KB ( <1%) overhead. 

Virtual space:
  Non-class space:        8.00 MB reserved,       4.25 MB ( 53%) committed 
      Class space:        1.00 GB reserved,     512.00 KB ( <1%) committed 
             Both:        1.01 GB reserved,       4.75 MB ( <1%) committed 

Chunk freelists:
   Non-Class:  0 bytes
       Class:  0 bytes
        Both:  0 bytes

CodeHeap 'non-profiled nmethods': size=120032Kb used=76Kb max_used=76Kb free=119955Kb
 bounds [0x00007fe274370000, 0x00007fe2745e0000, 0x00007fe27b8a8000]
CodeHeap 'profiled nmethods': size=120028Kb used=259Kb max_used=259Kb free=119768Kb
 bounds [0x00007fe26ce39000, 0x00007fe26d0a9000, 0x00007fe274370000]
CodeHeap 'non-nmethods': size=5700Kb used=1055Kb max_used=1064Kb free=4644Kb
 bounds [0x00007fe26c8a8000, 0x00007fe26cb18000, 0x00007fe26ce39000]
 total_blobs=634 nmethods=232 adapters=256
 compilation: enabled
              stopped_count=0, restarted_count=0
 full_count=0

Compilation events (10 events):
Event: 0.117 Thread 0x00007fe284128800  198       3       jdk.internal.module.ModuleBootstrap$2::next (52 bytes)
Event: 0.117 Thread 0x00007fe284128800 nmethod 198 0x00007fe26ce73890 code [0x00007fe26ce73aa0, 0x00007fe26ce74068]
Event: 0.117 Thread 0x00007fe284128800  197       3       java.util.ImmutableCollections$MapN::get (35 bytes)
Event: 0.118 Thread 0x00007fe284128800 nmethod 197 0x00007fe26ce74210 code [0x00007fe26ce74400, 0x00007fe26ce747f8]
Event: 0.118 Thread 0x00007fe284128800  199       1       java.lang.Module::getDescriptor (5 bytes)
Event: 0.118 Thread 0x00007fe284128800 nmethod 199 0x00007fe27437e710 code [0x00007fe27437e8c0, 0x00007fe27437e9f0]
Event: 0.121 Thread 0x00007fe284126800 nmethod 172 0x00007fe27437ea90 code [0x00007fe27437ec80, 0x00007fe27437f578]
Event: 0.121 Thread 0x00007fe284126800  187       4       java.util.HashMap::newNode (13 bytes)
Event: 0.122 Thread 0x00007fe284126800 nmethod 187 0x00007fe27437fb10 code [0x00007fe27437fca0, 0x00007fe27437fdb8]
Event: 0.122 Thread 0x00007fe284126800  162       4       java.lang.String::equals (65 bytes)

GC Heap History (0 events):
No events

Deoptimization events (0 events):
No events

Classes redefined (0 events):
No events

Internal exceptions (1 events):
Event: 0.092 Thread 0x00007fe284011000 Exception <a 'sun/nio/fs/UnixException'{0x000000008bd92358}> (0x000000008bd92358) thrown at [/build/openjdk-12-Hk1Beo/openjdk-12-12.0.1+12/src/hotspot/share/prims/jni.cpp, line 615]

Events (10 events):
Event: 0.094 loading class java/util/LinkedHashSet done
Event: 0.094 Executing VM operation: Deoptimize
Event: 0.094 Executing VM operation: Deoptimize done
Event: 0.118 loading class jdk/internal/module/ModuleBootstrap$SafeModuleFinder
Event: 0.118 loading class jdk/internal/module/ModuleBootstrap$SafeModuleFinder done
Event: 0.121 Thread 0x00007fe28417b800 Thread added: 0x00007fe28417b800
Event: 0.121 Executing VM operation: EnableBiasedLocking
Event: 0.122 Executing VM operation: EnableBiasedLocking done
Event: 0.122 loading class jdk/internal/vm/PostVMInitHook
Event: 0.122 loading class jdk/internal/vm/PostVMInitHook done


Dynamic libraries:
84200000-8be00000 rw-p 00000000 00:00 0 
8be00000-ffe00000 ---p 00000000 00:00 0 
ffe00000-ffe46000 rw-p 01187000 08:05 3672248                            /usr/lib/jvm/java-12-openjdk-amd64/lib/server/classes.jsa
ffe46000-fff00000 rw-p 00000000 00:00 0 
fff00000-fff72000 rw-p 01115000 08:05 3672248                            /usr/lib/jvm/java-12-openjdk-amd64/lib/server/classes.jsa
fff72000-100000000 rw-p 00000000 00:00 0 
800000000-800003000 rwxp 00001000 08:05 3672248                          /usr/lib/jvm/java-12-openjdk-amd64/lib/server/classes.jsa
800003000-8003d3000 rw-p 00004000 08:05 3672248                          /usr/lib/jvm/java-12-openjdk-amd64/lib/server/classes.jsa
8003d3000-800ad5000 r--p 003d4000 08:05 3672248                          /usr/lib/jvm/java-12-openjdk-amd64/lib/server/classes.jsa
800ad5000-800ad6000 rw-p 00ad6000 08:05 3672248                          /usr/lib/jvm/java-12-openjdk-amd64/lib/server/classes.jsa
800ad6000-801114000 r--p 00ad7000 08:05 3672248                          /usr/lib/jvm/java-12-openjdk-amd64/lib/server/classes.jsa
801114000-801194000 rw-p 00000000 00:00 0 
801194000-841114000 ---p 00000000 00:00 0 
5621cde02000-5621cde03000 r--p 00000000 08:05 3540066                    /usr/lib/jvm/java-12-openjdk-amd64/bin/java
5621cde03000-5621cde04000 r-xp 00001000 08:05 3540066                    /usr/lib/jvm/java-12-openjdk-amd64/bin/java
5621cde04000-5621cde05000 r--p 00002000 08:05 3540066                    /usr/lib/jvm/java-12-openjdk-amd64/bin/java
5621cde05000-5621cde06000 r--p 00002000 08:05 3540066                    /usr/lib/jvm/java-12-openjdk-amd64/bin/java
5621cde06000-5621cde07000 rw-p 00003000 08:05 3540066                    /usr/lib/jvm/java-12-openjdk-amd64/bin/java
5621ce297000-5621ce2b8000 rw-p 00000000 00:00 0                          [heap]
7fe220000000-7fe220021000 rw-p 00000000 00:00 0 
7fe220021000-7fe224000000 ---p 00000000 00:00 0 
7fe228000000-7fe228021000 rw-p 00000000 00:00 0 
7fe228021000-7fe22c000000 ---p 00000000 00:00 0 
7fe22c000000-7fe22c021000 rw-p 00000000 00:00 0 
7fe22c021000-7fe230000000 ---p 00000000 00:00 0 
7fe230000000-7fe23009a000 rw-p 00000000 00:00 0 
7fe23009a000-7fe234000000 ---p 00000000 00:00 0 
7fe234000000-7fe234021000 rw-p 00000000 00:00 0 
7fe234021000-7fe238000000 ---p 00000000 00:00 0 
7fe238000000-7fe238021000 rw-p 00000000 00:00 0 
7fe238021000-7fe23c000000 ---p 00000000 00:00 0 
7fe23c000000-7fe23c11b000 rw-p 00000000 00:00 0 
7fe23c11b000-7fe240000000 ---p 00000000 00:00 0 
7fe240000000-7fe240021000 rw-p 00000000 00:00 0 
7fe240021000-7fe244000000 ---p 00000000 00:00 0 
7fe244000000-7fe244021000 rw-p 00000000 00:00 0 
7fe244021000-7fe248000000 ---p 00000000 00:00 0 
7fe248000000-7fe248021000 rw-p 00000000 00:00 0 
7fe248021000-7fe24c000000 ---p 00000000 00:00 0 
7fe24e78f000-7fe24e790000 ---p 00000000 00:00 0 
7fe24e790000-7fe24e891000 rw-p 00000000 00:00 0 
7fe24e891000-7fe24e895000 ---p 00000000 00:00 0 
7fe24e895000-7fe24e992000 rw-p 00000000 00:00 0 
7fe24e992000-7fe24e996000 ---p 00000000 00:00 0 
7fe24e996000-7fe24eac4000 rw-p 00000000 00:00 0 
7fe24eac4000-7fe24eac8000 ---p 00000000 00:00 0 
7fe24eac8000-7fe24ebc5000 rw-p 00000000 00:00 0 
7fe24ebc5000-7fe24ebc9000 ---p 00000000 00:00 0 
7fe24ebc9000-7fe24ecc6000 rw-p 00000000 00:00 0 
7fe24ecc6000-7fe24ecca000 ---p 00000000 00:00 0 
7fe24ecca000-7fe24edc7000 rw-p 00000000 00:00 0 
7fe24edc7000-7fe24edcb000 ---p 00000000 00:00 0 
7fe24edcb000-7fe24eec8000 rw-p 00000000 00:00 0 
7fe24eec8000-7fe24fcf7000 r--p 00000000 08:05 3546194                    /usr/lib/locale/locale-archive
7fe24fcfc000-7fe24fd00000 ---p 00000000 00:00 0 
7fe24fd00000-7fe24fdfd000 rw-p 00000000 00:00 0 
7fe24fdfd000-7fe24fe01000 ---p 00000000 00:00 0 
7fe24fe01000-7fe24fefe000 rw-p 00000000 00:00 0 
7fe24fefe000-7fe24feff000 ---p 00000000 00:00 0 
7fe24feff000-7fe250000000 rw-p 00000000 00:00 0 
7fe250000000-7fe250021000 rw-p 00000000 00:00 0 
7fe250021000-7fe254000000 ---p 00000000 00:00 0 
7fe254000000-7fe254021000 rw-p 00000000 00:00 0 
7fe254021000-7fe258000000 ---p 00000000 00:00 0 
7fe258000000-7fe258021000 rw-p 00000000 00:00 0 
7fe258021000-7fe25c000000 ---p 00000000 00:00 0 
7fe25c000000-7fe25c021000 rw-p 00000000 00:00 0 
7fe25c021000-7fe260000000 ---p 00000000 00:00 0 
7fe260000000-7fe260021000 rw-p 00000000 00:00 0 
7fe260021000-7fe264000000 ---p 00000000 00:00 0 
7fe264008000-7fe26400c000 r--p 00000000 08:05 3555008                    /usr/lib/jvm/java-12-openjdk-amd64/lib/libnet.so
7fe26400c000-7fe26401b000 r-xp 00004000 08:05 3555008                    /usr/lib/jvm/java-12-openjdk-amd64/lib/libnet.so
7fe26401b000-7fe26401f000 r--p 00013000 08:05 3555008                    /usr/lib/jvm/java-12-openjdk-amd64/lib/libnet.so
7fe26401f000-7fe264020000 r--p 00016000 08:05 3555008                    /usr/lib/jvm/java-12-openjdk-amd64/lib/libnet.so
7fe264020000-7fe264021000 rw-p 00017000 08:05 3555008                    /usr/lib/jvm/java-12-openjdk-amd64/lib/libnet.so
7fe264028000-7fe26402e000 r--p 00000000 08:05 3555009                    /usr/lib/jvm/java-12-openjdk-amd64/lib/libnio.so
7fe26402e000-7fe264036000 r-xp 00006000 08:05 3555009                    /usr/lib/jvm/java-12-openjdk-amd64/lib/libnio.so
7fe264036000-7fe26403a000 r--p 0000e000 08:05 3555009                    /usr/lib/jvm/java-12-openjdk-amd64/lib/libnio.so
7fe26403a000-7fe26403b000 r--p 00011000 08:05 3555009                    /usr/lib/jvm/java-12-openjdk-amd64/lib/libnio.so
7fe26403b000-7fe26403c000 rw-p 00012000 08:05 3555009                    /usr/lib/jvm/java-12-openjdk-amd64/lib/libnio.so
7fe264043000-7fe2645a0000 rw-p 00000000 00:00 0 
7fe2645a0000-7fe264960000 ---p 00000000 00:00 0 
7fe264960000-7fe264981000 rw-p 00000000 00:00 0 
7fe264981000-7fe264982000 ---p 00000000 00:00 0 
7fe264982000-7fe264a83000 rw-p 00000000 00:00 0 
7fe264a83000-7fe264a84000 ---p 00000000 00:00 0 
7fe264a84000-7fe26738d000 rw-p 00000000 00:00 0 
7fe26738d000-7fe26738e000 ---p 00000000 00:00 0 
7fe26738e000-7fe26748f000 rw-p 00000000 00:00 0 
7fe26748f000-7fe267490000 ---p 00000000 00:00 0 
7fe267490000-7fe267591000 rw-p 00000000 00:00 0 
7fe267591000-7fe267592000 ---p 00000000 00:00 0 
7fe267592000-7fe267903000 rw-p 00000000 00:00 0 
7fe267903000-7fe269603000 ---p 00000000 00:00 0 
7fe269603000-7fe2697fb000 rw-p 00000000 00:00 0 
7fe2697fb000-7fe26b4fb000 ---p 00000000 00:00 0 
7fe26b4fb000-7fe26b541000 rw-p 00000000 00:00 0 
7fe26b541000-7fe26b8e1000 ---p 00000000 00:00 0 
7fe26b8e1000-7fe26b920000 rw-p 00000000 00:00 0 
7fe26b920000-7fe26bcc0000 ---p 00000000 00:00 0 
7fe26bcc0000-7fe26bcff000 rw-p 00000000 00:00 0 
7fe26bcff000-7fe26c09f000 ---p 00000000 00:00 0 
7fe26c09f000-7fe26c8a8000 rw-p 00000000 00:00 0 
7fe26c8a8000-7fe26cb18000 rwxp 00000000 00:00 0 
7fe26cb18000-7fe26ce39000 ---p 00000000 00:00 0 
7fe26ce39000-7fe26d0a9000 rwxp 00000000 00:00 0 
7fe26d0a9000-7fe274370000 ---p 00000000 00:00 0 
7fe274370000-7fe2745e0000 rwxp 00000000 00:00 0 
7fe2745e0000-7fe27b8a8000 ---p 00000000 00:00 0 
7fe27b8a8000-7fe283ffe000 r--s 00000000 08:05 3555018                    /usr/lib/jvm/java-12-openjdk-amd64/lib/modules
7fe284000000-7fe284192000 rw-p 00000000 00:00 0 
7fe284192000-7fe288000000 ---p 00000000 00:00 0 
7fe28800c000-7fe288032000 rw-p 00000000 00:00 0 
7fe288032000-7fe288118000 ---p 00000000 00:00 0 
7fe288118000-7fe28811d000 rw-p 00000000 00:00 0 
7fe28811d000-7fe288203000 ---p 00000000 00:00 0 
7fe288203000-7fe288208000 rw-p 00000000 00:00 0 
7fe288208000-7fe28820f000 ---p 00000000 00:00 0 
7fe28820f000-7fe288211000 r--s 00007000 08:05 4201721                    /usr/share/java/java-atk-wrapper.jar
7fe288218000-7fe28821a000 r--p 00000000 08:05 3554999                    /usr/lib/jvm/java-12-openjdk-amd64/lib/libjimage.so
7fe28821a000-7fe28821d000 r-xp 00002000 08:05 3554999                    /usr/lib/jvm/java-12-openjdk-amd64/lib/libjimage.so
7fe28821d000-7fe28821f000 r--p 00005000 08:05 3554999                    /usr/lib/jvm/java-12-openjdk-amd64/lib/libjimage.so
7fe28821f000-7fe288220000 r--p 00006000 08:05 3554999                    /usr/lib/jvm/java-12-openjdk-amd64/lib/libjimage.so
7fe288220000-7fe288221000 rw-p 00007000 08:05 3554999                    /usr/lib/jvm/java-12-openjdk-amd64/lib/libjimage.so
7fe288228000-7fe28822a000 r--p 00000000 08:05 3555017                    /usr/lib/jvm/java-12-openjdk-amd64/lib/libzip.so
7fe28822a000-7fe28822e000 r-xp 00002000 08:05 3555017                    /usr/lib/jvm/java-12-openjdk-amd64/lib/libzip.so
7fe28822e000-7fe288230000 r--p 00006000 08:05 3555017                    /usr/lib/jvm/java-12-openjdk-amd64/lib/libzip.so
7fe288230000-7fe288231000 r--p 00007000 08:05 3555017                    /usr/lib/jvm/java-12-openjdk-amd64/lib/libzip.so
7fe288231000-7fe288232000 rw-p 00008000 08:05 3555017                    /usr/lib/jvm/java-12-openjdk-amd64/lib/libzip.so
7fe288238000-7fe288240000 rw-s 00000000 08:05 3672531                    /tmp/hsperfdata_thlavlu/15522
7fe288240000-7fe28824d000 r--p 00000000 08:05 3554995                    /usr/lib/jvm/java-12-openjdk-amd64/lib/libjava.so
7fe28824d000-7fe288261000 r-xp 0000d000 08:05 3554995                    /usr/lib/jvm/java-12-openjdk-amd64/lib/libjava.so
7fe288261000-7fe288267000 r--p 00021000 08:05 3554995                    /usr/lib/jvm/java-12-openjdk-amd64/lib/libjava.so
7fe288267000-7fe288268000 r--p 00026000 08:05 3554995                    /usr/lib/jvm/java-12-openjdk-amd64/lib/libjava.so
7fe288268000-7fe28826a000 rw-p 00027000 08:05 3554995                    /usr/lib/jvm/java-12-openjdk-amd64/lib/libjava.so
7fe28826f000-7fe288273000 ---p 00000000 00:00 0 
7fe288273000-7fe288370000 rw-p 00000000 00:00 0 
7fe288370000-7fe288373000 r--p 00000000 08:05 3539135                    /usr/lib/x86_64-linux-gnu/libgcc_s.so.1
7fe288373000-7fe288384000 r-xp 00003000 08:05 3539135                    /usr/lib/x86_64-linux-gnu/libgcc_s.so.1
7fe288384000-7fe288388000 r--p 00014000 08:05 3539135                    /usr/lib/x86_64-linux-gnu/libgcc_s.so.1
7fe288388000-7fe288389000 r--p 00017000 08:05 3539135                    /usr/lib/x86_64-linux-gnu/libgcc_s.so.1
7fe288389000-7fe28838a000 rw-p 00018000 08:05 3539135                    /usr/lib/x86_64-linux-gnu/libgcc_s.so.1
7fe288390000-7fe28839f000 r--p 00000000 08:05 3547486                    /usr/lib/x86_64-linux-gnu/libm-2.29.so
7fe28839f000-7fe288445000 r-xp 0000f000 08:05 3547486                    /usr/lib/x86_64-linux-gnu/libm-2.29.so
7fe288445000-7fe2884dc000 r--p 000b5000 08:05 3547486                    /usr/lib/x86_64-linux-gnu/libm-2.29.so
7fe2884dc000-7fe2884dd000 r--p 0014b000 08:05 3547486                    /usr/lib/x86_64-linux-gnu/libm-2.29.so
7fe2884dd000-7fe2884de000 rw-p 0014c000 08:05 3547486                    /usr/lib/x86_64-linux-gnu/libm-2.29.so
7fe2884e0000-7fe288575000 r--p 00000000 08:05 3539380                    /usr/lib/x86_64-linux-gnu/libstdc++.so.6.0.26
7fe288575000-7fe288667000 r-xp 00095000 08:05 3539380                    /usr/lib/x86_64-linux-gnu/libstdc++.so.6.0.26
7fe288667000-7fe2886b0000 r--p 00187000 08:05 3539380                    /usr/lib/x86_64-linux-gnu/libstdc++.so.6.0.26
7fe2886b0000-7fe2886b1000 ---p 001d0000 08:05 3539380                    /usr/lib/x86_64-linux-gnu/libstdc++.so.6.0.26
7fe2886b1000-7fe2886bc000 r--p 001d0000 08:05 3539380                    /usr/lib/x86_64-linux-gnu/libstdc++.so.6.0.26
7fe2886bc000-7fe2886bf000 rw-p 001db000 08:05 3539380                    /usr/lib/x86_64-linux-gnu/libstdc++.so.6.0.26
7fe2886bf000-7fe2886c2000 rw-p 00000000 00:00 0 
7fe2886c8000-7fe28894d000 r--p 00000000 08:05 3672576                    /usr/lib/jvm/java-12-openjdk-amd64/lib/server/libjvm.so
7fe28894d000-7fe2895e5000 r-xp 00285000 08:05 3672576                    /usr/lib/jvm/java-12-openjdk-amd64/lib/server/libjvm.so
7fe2895e5000-7fe289853000 r--p 00f1d000 08:05 3672576                    /usr/lib/jvm/java-12-openjdk-amd64/lib/server/libjvm.so
7fe289853000-7fe289918000 r--p 0118a000 08:05 3672576                    /usr/lib/jvm/java-12-openjdk-amd64/lib/server/libjvm.so
7fe289918000-7fe289953000 rw-p 0124f000 08:05 3672576                    /usr/lib/jvm/java-12-openjdk-amd64/lib/server/libjvm.so
7fe289953000-7fe2899d6000 rw-p 00000000 00:00 0 
7fe2899d8000-7fe2899df000 r--p 00000000 08:05 3547756                    /usr/lib/x86_64-linux-gnu/libpthread-2.29.so
7fe2899df000-7fe2899ee000 r-xp 00007000 08:05 3547756                    /usr/lib/x86_64-linux-gnu/libpthread-2.29.so
7fe2899ee000-7fe2899f3000 r--p 00016000 08:05 3547756                    /usr/lib/x86_64-linux-gnu/libpthread-2.29.so
7fe2899f3000-7fe2899f4000 r--p 0001a000 08:05 3547756                    /usr/lib/x86_64-linux-gnu/libpthread-2.29.so
7fe2899f4000-7fe2899f5000 rw-p 0001b000 08:05 3547756                    /usr/lib/x86_64-linux-gnu/libpthread-2.29.so
7fe2899f5000-7fe2899f9000 rw-p 00000000 00:00 0 
7fe289a00000-7fe289a01000 r--p 00000000 08:05 3547004                    /usr/lib/x86_64-linux-gnu/libdl-2.29.so
7fe289a01000-7fe289a03000 r-xp 00001000 08:05 3547004                    /usr/lib/x86_64-linux-gnu/libdl-2.29.so
7fe289a03000-7fe289a04000 r--p 00003000 08:05 3547004                    /usr/lib/x86_64-linux-gnu/libdl-2.29.so
7fe289a04000-7fe289a05000 r--p 00003000 08:05 3547004                    /usr/lib/x86_64-linux-gnu/libdl-2.29.so
7fe289a05000-7fe289a06000 rw-p 00004000 08:05 3547004                    /usr/lib/x86_64-linux-gnu/libdl-2.29.so
7fe289a08000-7fe289a0a000 r--p 00000000 08:05 3548172                    /usr/lib/x86_64-linux-gnu/libz.so.1.2.11
7fe289a0a000-7fe289a1b000 r-xp 00002000 08:05 3548172                    /usr/lib/x86_64-linux-gnu/libz.so.1.2.11
7fe289a1b000-7fe289a21000 r--p 00013000 08:05 3548172                    /usr/lib/x86_64-linux-gnu/libz.so.1.2.11
7fe289a21000-7fe289a22000 ---p 00019000 08:05 3548172                    /usr/lib/x86_64-linux-gnu/libz.so.1.2.11
7fe289a22000-7fe289a23000 r--p 00019000 08:05 3548172                    /usr/lib/x86_64-linux-gnu/libz.so.1.2.11
7fe289a23000-7fe289a24000 rw-p 0001a000 08:05 3548172                    /usr/lib/x86_64-linux-gnu/libz.so.1.2.11
7fe289a28000-7fe289a4d000 r--p 00000000 08:05 3546867                    /usr/lib/x86_64-linux-gnu/libc-2.29.so
7fe289a4d000-7fe289bc0000 r-xp 00025000 08:05 3546867                    /usr/lib/x86_64-linux-gnu/libc-2.29.so
7fe289bc0000-7fe289c09000 r--p 00198000 08:05 3546867                    /usr/lib/x86_64-linux-gnu/libc-2.29.so
7fe289c09000-7fe289c0c000 r--p 001e0000 08:05 3546867                    /usr/lib/x86_64-linux-gnu/libc-2.29.so
7fe289c0c000-7fe289c0f000 rw-p 001e3000 08:05 3546867                    /usr/lib/x86_64-linux-gnu/libc-2.29.so
7fe289c0f000-7fe289c13000 rw-p 00000000 00:00 0 
7fe289c18000-7fe289c1b000 r--p 00000000 08:05 3547614                    /usr/lib/x86_64-linux-gnu/libnss_files-2.29.so
7fe289c1b000-7fe289c22000 r-xp 00003000 08:05 3547614                    /usr/lib/x86_64-linux-gnu/libnss_files-2.29.so
7fe289c22000-7fe289c24000 r--p 0000a000 08:05 3547614                    /usr/lib/x86_64-linux-gnu/libnss_files-2.29.so
7fe289c24000-7fe289c25000 r--p 0000b000 08:05 3547614                    /usr/lib/x86_64-linux-gnu/libnss_files-2.29.so
7fe289c25000-7fe289c26000 rw-p 0000c000 08:05 3547614                    /usr/lib/x86_64-linux-gnu/libnss_files-2.29.so
7fe289c26000-7fe289c2c000 rw-p 00000000 00:00 0 
7fe289c30000-7fe289c35000 r--p 00000000 08:05 3555016                    /usr/lib/jvm/java-12-openjdk-amd64/lib/libverify.so
7fe289c35000-7fe289c3c000 r-xp 00005000 08:05 3555016                    /usr/lib/jvm/java-12-openjdk-amd64/lib/libverify.so
7fe289c3c000-7fe289c3e000 r--p 0000c000 08:05 3555016                    /usr/lib/jvm/java-12-openjdk-amd64/lib/libverify.so
7fe289c3e000-7fe289c40000 r--p 0000d000 08:05 3555016                    /usr/lib/jvm/java-12-openjdk-amd64/lib/libverify.so
7fe289c40000-7fe289c41000 rw-p 0000f000 08:05 3555016                    /usr/lib/jvm/java-12-openjdk-amd64/lib/libverify.so
7fe289c48000-7fe289c4b000 r--p 00000000 08:05 3555000                    /usr/lib/jvm/java-12-openjdk-amd64/lib/libjli.so
7fe289c4b000-7fe289c55000 r-xp 00003000 08:05 3555000                    /usr/lib/jvm/java-12-openjdk-amd64/lib/libjli.so
7fe289c55000-7fe289c58000 r--p 0000d000 08:05 3555000                    /usr/lib/jvm/java-12-openjdk-amd64/lib/libjli.so
7fe289c58000-7fe289c59000 r--p 0000f000 08:05 3555000                    /usr/lib/jvm/java-12-openjdk-amd64/lib/libjli.so
7fe289c59000-7fe289c5a000 rw-p 00010000 08:05 3555000                    /usr/lib/jvm/java-12-openjdk-amd64/lib/libjli.so
7fe289c60000-7fe289c61000 r--p 00000000 08:05 3546647                    /usr/lib/x86_64-linux-gnu/ld-2.29.so
7fe289c61000-7fe289c82000 r-xp 00001000 08:05 3546647                    /usr/lib/x86_64-linux-gnu/ld-2.29.so
7fe289c82000-7fe289c8a000 r--p 00022000 08:05 3546647                    /usr/lib/x86_64-linux-gnu/ld-2.29.so
7fe289c8a000-7fe289c8b000 r--p 00029000 08:05 3546647                    /usr/lib/x86_64-linux-gnu/ld-2.29.so
7fe289c8b000-7fe289c8c000 rw-p 0002a000 08:05 3546647                    /usr/lib/x86_64-linux-gnu/ld-2.29.so
7fe289c8c000-7fe289c8d000 rw-p 00000000 00:00 0 
7fe289c8d000-7fe289c8e000 ---p 00000000 00:00 0 
7fe289c8e000-7fe289c8f000 r--p 00000000 00:00 0 
7fe289c8f000-7fe289c90000 ---p 00000000 00:00 0 
7fe289c90000-7fe289c94000 rw-p 00000000 00:00 0 
7fff3eba9000-7fff3ebca000 rw-p 00000000 00:00 0                          [stack]
7fff3ebe0000-7fff3ebe3000 r--p 00000000 00:00 0                          [vvar]
7fff3ebe3000-7fff3ebe4000 r-xp 00000000 00:00 0                          [vdso]
ffffffffff600000-ffffffffff601000 r-xp 00000000 00:00 0                  [vsyscall]


VM Arguments:
jvm_args: -Dfile.encoding=UTF-8 --module-path=/home/thlavlu/Dropbox/Programming/NetBean/CSE220/LAB10/build/classes 
java_command: lab10.LAB10
java_class_path (initial): /home/thlavlu/Dropbox/Programming/NetBean/CSE220/LAB10/build/classes
Launcher Type: SUN_STANDARD

[Global flags]
     intx CICompilerCount                          = 4                                         {product} {ergonomic}
     uint ConcGCThreads                            = 2                                         {product} {ergonomic}
     uint G1ConcRefinementThreads                  = 8                                         {product} {ergonomic}
   size_t G1HeapRegionSize                         = 1048576                                   {product} {ergonomic}
    uintx GCDrainStackTargetSize                   = 64                                        {product} {ergonomic}
   size_t InitialHeapSize                          = 130023424                                 {product} {ergonomic}
   size_t MarkStackSize                            = 4194304                                   {product} {ergonomic}
   size_t MaxHeapSize                              = 2078277632                                {product} {ergonomic}
   size_t MaxNewSize                               = 1246756864                                {product} {ergonomic}
   size_t MinHeapDeltaBytes                        = 1048576                                   {product} {ergonomic}
    uintx NonNMethodCodeHeapSize                   = 5836300                                {pd product} {ergonomic}
    uintx NonProfiledCodeHeapSize                  = 122910970                              {pd product} {ergonomic}
    uintx ProfiledCodeHeapSize                     = 122910970                              {pd product} {ergonomic}
    uintx ReservedCodeCacheSize                    = 251658240                              {pd product} {ergonomic}
     bool SegmentedCodeCache                       = true                                      {product} {ergonomic}
     bool UseCompressedClassPointers               = true                                 {lp64_product} {ergonomic}
     bool UseCompressedOops                        = true                                 {lp64_product} {ergonomic}
     bool UseG1GC                                  = true                                      {product} {ergonomic}

Logging:
Log output configuration:
 #0: stdout all=warning uptime,level,tags
 #1: stderr all=off uptime,level,tags

Environment Variables:
PATH=/usr/local/sbin:/usr/local/bin:/usr/sbin:/usr/bin:/sbin:/bin:/usr/games:/usr/local/games:/snap/bin
USERNAME=thlavlu
SHELL=/bin/bash
DISPLAY=:1

Signal Handlers:
SIGSEGV: [libjvm.so+0xea8c10], sa_mask[0]=11111111011111111101111111111110, sa_flags=SA_RESTART|SA_SIGINFO
SIGBUS: [libjvm.so+0xea8c10], sa_mask[0]=11111111011111111101111111111110, sa_flags=SA_RESTART|SA_SIGINFO
SIGFPE: [libjvm.so+0xea8c10], sa_mask[0]=11111111011111111101111111111110, sa_flags=SA_RESTART|SA_SIGINFO
SIGPIPE: [libjvm.so+0xb82640], sa_mask[0]=11111111011111111101111111111110, sa_flags=SA_RESTART|SA_SIGINFO
SIGXFSZ: [libjvm.so+0xb82640], sa_mask[0]=11111111011111111101111111111110, sa_flags=SA_RESTART|SA_SIGINFO
SIGILL: [libjvm.so+0xea8c10], sa_mask[0]=11111111011111111101111111111110, sa_flags=SA_RESTART|SA_SIGINFO
SIGUSR2: [libjvm.so+0xb824d0], sa_mask[0]=00100000000000000000000000000000, sa_flags=SA_RESTART|SA_SIGINFO
SIGHUP: [libjvm.so+0xb82980], sa_mask[0]=11111111011111111101111111111110, sa_flags=SA_RESTART|SA_SIGINFO
SIGINT: SIG_IGN, sa_mask[0]=00000000000000000000000000000000, sa_flags=none
SIGTERM: [libjvm.so+0xb82980], sa_mask[0]=11111111011111111101111111111110, sa_flags=SA_RESTART|SA_SIGINFO
SIGQUIT: [libjvm.so+0xb82980], sa_mask[0]=11111111011111111101111111111110, sa_flags=SA_RESTART|SA_SIGINFO


---------------  S Y S T E M  ---------------

OS:DISTRIB_ID=Ubuntu
DISTRIB_RELEASE=19.04
DISTRIB_CODENAME=disco
DISTRIB_DESCRIPTION="Ubuntu 19.04"
uname:Linux 5.0.0-20-generic #21-Ubuntu SMP Mon Jun 24 09:32:09 UTC 2019 x86_64
libc:glibc 2.29 NPTL 2.29 
rlimit: STACK 8192k, CORE 0k, NPROC 31233, NOFILE 1048576, AS infinity, DATA infinity, FSIZE infinity
load average:2.58 1.25 0.97

/proc/meminfo:
MemTotal:        8110404 kB
MemFree:          591444 kB
MemAvailable:    3872484 kB
Buffers:          534780 kB
Cached:          2962860 kB
SwapCached:            0 kB
Active:          5093280 kB
Inactive:        1717528 kB
Active(anon):    3289052 kB
Inactive(anon):   184624 kB
Active(file):    1804228 kB
Inactive(file):  1532904 kB
Unevictable:          64 kB
Mlocked:              64 kB
SwapTotal:       3906556 kB
SwapFree:        3906556 kB
Dirty:               412 kB
Writeback:             0 kB
AnonPages:       3313636 kB
Mapped:           850960 kB
Shmem:            160512 kB
KReclaimable:     247728 kB
Slab:             446208 kB
SReclaimable:     247728 kB
SUnreclaim:       198480 kB
KernelStack:       19704 kB
PageTables:        40408 kB
NFS_Unstable:          0 kB
Bounce:                0 kB
WritebackTmp:          0 kB
CommitLimit:     7961756 kB
Committed_AS:   11416904 kB
VmallocTotal:   34359738367 kB
VmallocUsed:           0 kB
VmallocChunk:          0 kB
Percpu:             6880 kB
HardwareCorrupted:     0 kB
AnonHugePages:         0 kB
ShmemHugePages:        0 kB
ShmemPmdMapped:        0 kB
CmaTotal:              0 kB
CmaFree:               0 kB
HugePages_Total:       0
HugePages_Free:        0
HugePages_Rsvd:        0
HugePages_Surp:        0
Hugepagesize:       2048 kB
Hugetlb:               0 kB
DirectMap4k:      537248 kB
DirectMap2M:     7798784 kB
DirectMap1G:     1048576 kB


/proc/sys/kernel/threads-max (system-wide limit on the number of threads):
62466


/proc/sys/vm/max_map_count (maximum number of memory map areas a process may have):
65530


/proc/sys/kernel/pid_max (system-wide limit on number of process identifiers):
32768



container (cgroup) information:
container_type: cgroupv1
cpu_cpuset_cpus: 0-7
cpu_memory_nodes: 0
active_processor_count: 8
cpu_quota: -1
cpu_period: 100000
cpu_shares: -1
memory_limit_in_bytes: -1
memory_and_swap_limit_in_bytes: -2
memory_soft_limit_in_bytes: -1
memory_usage_in_bytes: 4923666432
memory_max_usage_in_bytes: 5103501312


CPU:total 8 (initial active 8) (8 cores per cpu, 1 threads per core) family 21 model 1 stepping 2, cmov, cx8, fxsr, mmx, sse, sse2, sse3, ssse3, sse4.1, sse4.2, popcnt, avx, aes, clmul, mmxext, 3dnowpref, lzcnt, sse4a, tsc, tscinvbit, tscinv
CPU Model and flags from /proc/cpuinfo:
model name	: AMD FX(tm)-8150 Eight-Core Processor
flags		: fpu vme de pse tsc msr pae mce cx8 apic sep mtrr pge mca cmov pat pse36 clflush mmx fxsr sse sse2 ht syscall nx mmxext fxsr_opt pdpe1gb rdtscp lm constant_tsc rep_good nopl nonstop_tsc cpuid extd_apicid aperfmperf pni pclmulqdq monitor ssse3 cx16 sse4_1 sse4_2 popcnt aes xsave avx lahf_lm cmp_legacy svm extapic cr8_legacy abm sse4a misalignsse 3dnowprefetch osvw ibs xop skinit wdt fma4 nodeid_msr topoext perfctr_core perfctr_nb cpb hw_pstate ssbd ibpb vmmcall arat npt lbrv svm_lock nrip_save tsc_scale vmcb_clean flushbyasid decodeassists pausefilter pfthreshold

Memory: 4k page, physical 8110404k(591444k free), swap 3906556k(3906556k free)

vm_info: OpenJDK 64-Bit Server VM (12.0.1+12-Ubuntu-1) for linux-amd64 JRE (12.0.1+12-Ubuntu-1), built on Apr 17 2019 02:08:58 by "buildd" with gcc 8.3.0

END.
