#
# A fatal error has been detected by the Java Runtime Environment:
#
#  SIGSEGV (0xb) at pc=0x00007fb0fd7bbf10, pid=15548, tid=15562
#
# JRE version: OpenJDK Runtime Environment (12.0.1+12) (build 12.0.1+12-Ubuntu-1)
# Java VM: OpenJDK 64-Bit Server VM (12.0.1+12-Ubuntu-1, mixed mode, sharing, tiered, compressed oops, g1 gc, linux-amd64)
# Problematic frame:
# C  0x00007fb0fd7bbf10
#
# Core dump will be written. Default location: Core dumps may be processed with "/usr/share/apport/apport %p %s %c %d %P" (or dumping to /home/thlavlu/Dropbox/Programming/NetBean/CSE220/LAB10/core.15548)
#
# If you would like to submit a bug report, please visit:
#   Unknown
#

---------------  S U M M A R Y ------------

Command Line: -Dfile.encoding=UTF-8 --module-path=/home/thlavlu/Dropbox/Programming/NetBean/CSE220/LAB10/build/classes lab10.LAB10

Host: AMD FX(tm)-8150 Eight-Core Processor, 8 cores, 7G, Ubuntu 19.04
Time: Mon Jul 22 10:26:40 2019 +06 elapsed time: 0 seconds (0d 0h 0m 0s)

---------------  T H R E A D  ---------------

Current thread (0x00007fb018126800):  JavaThread "C2 CompilerThread0" daemon [_thread_in_native, id=15562, stack(0x00007faffc08f000,0x00007faffc190000)]


Current CompileTask:
C2:    153  172       4       java.util.HashMap::putVal (300 bytes)

Stack: [0x00007faffc08f000,0x00007faffc190000],  sp=0x00007faffc18b4a8,  free space=1009k
Native frames: (J=compiled Java code, A=aot compiled Java code, j=interpreted, Vv=VM code, C=native code)
C  0x00007fb0fd7bbf10
V  [libjvm.so+0xad1ce6]
V  [libjvm.so+0xad1fda]
V  [libjvm.so+0xad1ce6]
V  [libjvm.so+0xad1fda]
V  [libjvm.so+0xad1ce6]
V  [libjvm.so+0xad1fda]
V  [libjvm.so+0xad23c2]
V  [libjvm.so+0xad5879]
V  [libjvm.so+0xad949f]
V  [libjvm.so+0x5f06e0]
V  [libjvm.so+0x5f4189]
V  [libjvm.so+0x524a01]
V  [libjvm.so+0x5fcbfa]
V  [libjvm.so+0x5fde78]
V  [libjvm.so+0xe45ef4]
V  [libjvm.so+0xe42139]
V  [libjvm.so+0xb8b12e]


siginfo: si_signo: 11 (SIGSEGV), si_code: 1 (SEGV_MAPERR), si_addr: 0x00007fb0fd7bbf10

Register to memory mapping:

RAX=0x00007fb01f614f00: <offset 0x00000000011d4f00> in /usr/lib/jvm/java-12-openjdk-amd64/lib/server/libjvm.so at 0x00007fb01e440000
RBX=0x00007fafc8053740 points into unknown readable memory: 00 4f 61 1f b0 7f 00 00
RCX=0x0000000000000001 is an unknown value
RDX=0x00007faffc18cfd0 is pointing into the stack for thread: 0x00007fb018126800
RSP=0x00007faffc18b4a8 is pointing into the stack for thread: 0x00007fb018126800
RBP=0x00007faffc18b4f0 is pointing into the stack for thread: 0x00007fb018126800
RSI=0x00007fb01813b3a0 points into unknown readable memory: e0 56 3e 00 08 00 00 00
RDI=0x00007fafc8053740 points into unknown readable memory: 00 4f 61 1f b0 7f 00 00
R8 =0x00007fafc8053740 points into unknown readable memory: 00 4f 61 1f b0 7f 00 00
R9 =0x00007fafc8053850 points into unknown readable memory: e0 77 03 d4 af 7f 00 00
R10=0x00007fb01813d380 points into unknown readable memory: 05 00 00 00 05 00 00 00
R11=0x00007fafd4037288 points into unknown readable memory: 00 0e 67 1f b0 7f 00 00
R12=0x00007faffc18c580 is pointing into the stack for thread: 0x00007fb018126800
R13=0x00007fb01813b3a0 points into unknown readable memory: e0 56 3e 00 08 00 00 00
R14=0x0000000000000011 is an unknown value
R15=0x00007fafd4037348 points into unknown readable memory: 08 c7 67 1f b0 7f 00 00


Registers:
RAX=0x00007fb01f614f00, RBX=0x00007fafc8053740, RCX=0x0000000000000001, RDX=0x00007faffc18cfd0
RSP=0x00007faffc18b4a8, RBP=0x00007faffc18b4f0, RSI=0x00007fb01813b3a0, RDI=0x00007fafc8053740
R8 =0x00007fafc8053740, R9 =0x00007fafc8053850, R10=0x00007fb01813d380, R11=0x00007fafd4037288
R12=0x00007faffc18c580, R13=0x00007fb01813b3a0, R14=0x0000000000000011, R15=0x00007fafd4037348
RIP=0x00007fb0fd7bbf10, EFLAGS=0x0000000000010287, CSGSFS=0x002b000000000033, ERR=0x0000000000000014
  TRAPNO=0x000000000000000e

Top of Stack: (sp=0x00007faffc18b4a8)
0x00007faffc18b4a8:   00007fb01ef11ee2 0000000000000001
0x00007faffc18b4b8:   00007faffc18b538 00000001c80532c0
0x00007faffc18b4c8:   0000000000000bec 00007fafc80536b8
0x00007faffc18b4d8:   00007fb01813a900 00007faffc18c580 

Instructions: (pc=0x00007fb0fd7bbf10)
0x00007fb0fd7bbef0:   
[error occurred during error reporting (printing registers, top of stack, instructions near pc), id 0xb, SIGSEGV (0xb) at pc=0x00007fb01efbbbea]

Stack slot to memory mapping:
stack at sp + 0 slots: 0x00007fb01ef11ee2: <offset 0x0000000000ad1ee2> in /usr/lib/jvm/java-12-openjdk-amd64/lib/server/libjvm.so at 0x00007fb01e440000
stack at sp + 1 slots: 0x0000000000000001 is an unknown value
stack at sp + 2 slots: 0x00007faffc18b538 is pointing into the stack for thread: 0x00007fb018126800
stack at sp + 3 slots: 0x00000001c80532c0 is an unknown value
stack at sp + 4 slots: 0x0000000000000bec is an unknown value
stack at sp + 5 slots: 0x00007fafc80536b8 points into unknown readable memory: 40 91 60 1f b0 7f 00 00
stack at sp + 6 slots: 0x00007fb01813a900 points into unknown readable memory: 90 1b 00 d4 af 7f 00 00
stack at sp + 7 slots: 0x00007faffc18c580 is pointing into the stack for thread: 0x00007fb018126800


---------------  P R O C E S S  ---------------

Threads class SMR info:
_java_thread_list=0x00007fb01817c4d0, length=9, elements={
0x00007fb01811c000, 0x00007fb01811e000, 0x00007fb018124800, 0x00007fb018126800,
0x00007fb018128800, 0x00007fb01812a800, 0x00007fb018143800, 0x00007fb01817b000,
0x00007fb018011000
}

Java Threads: ( => current thread )
  0x00007fb01811c000 JavaThread "Reference Handler" daemon [_thread_blocked, id=15559, stack(0x00007faffc392000,0x00007faffc493000)]
  0x00007fb01811e000 JavaThread "Finalizer" daemon [_thread_blocked, id=15560, stack(0x00007faffc291000,0x00007faffc392000)]
  0x00007fb018124800 JavaThread "Signal Dispatcher" daemon [_thread_blocked, id=15561, stack(0x00007faffc190000,0x00007faffc291000)]
=>0x00007fb018126800 JavaThread "C2 CompilerThread0" daemon [_thread_in_native, id=15562, stack(0x00007faffc08f000,0x00007faffc190000)]
  0x00007fb018128800 JavaThread "C1 CompilerThread0" daemon [_thread_in_native, id=15563, stack(0x00007fafec8cf000,0x00007fafec9d0000)]
  0x00007fb01812a800 JavaThread "Sweeper thread" daemon [_thread_blocked, id=15564, stack(0x00007fafec7ce000,0x00007fafec8cf000)]
  0x00007fb018143800 JavaThread "Common-Cleaner" daemon [_thread_blocked, id=15565, stack(0x00007fafec6cd000,0x00007fafec7ce000)]
  0x00007fb01817b000 JavaThread "Service Thread" daemon [_thread_blocked, id=15566, stack(0x00007fafec5cc000,0x00007fafec6cd000)]
  0x00007fb018011000 JavaThread "DestroyJavaVM" [_thread_blocked, id=15552, stack(0x00007fb01dfe7000,0x00007fb01e0e8000)]

Other Threads:
  0x00007fb018119000 VMThread "VM Thread" [stack: 0x00007faffc495000,0x00007faffc595000] [id=15558]
  0x00007fb01817d800 WatcherThread [stack: 0x00007fafec4cc000,0x00007fafec5cc000] [id=15567]
  0x00007fb01804f800 GCTaskThread "GC Thread#0" [stack: 0x00007fb01c880000,0x00007fb01c980000] [id=15553]
  0x00007fb01805d800 ConcurrentGCThread "G1 Main Marker" [stack: 0x00007fb01c77e000,0x00007fb01c87e000] [id=15554]
  0x00007fb01805f800 ConcurrentGCThread "G1 Conc#0" [stack: 0x00007fb01c67c000,0x00007fb01c77c000] [id=15555]
  0x00007fb0180e8000 ConcurrentGCThread "G1 Refine#0" [stack: 0x00007faffc7b6000,0x00007faffc8b6000] [id=15556]
  0x00007fb0180e9800 ConcurrentGCThread "G1 Young RemSet Sampling" [stack: 0x00007faffc6b4000,0x00007faffc7b4000] [id=15557]

Threads with active compile tasks:
C2 CompilerThread0   172       4       java.util.HashMap::putVal (300 bytes)
C1 CompilerThread0   250       3       java.util.ImmutableCollections$ListN::get (7 bytes)

VM state:not at safepoint (normal execution)

VM Mutex/Monitor currently owned by a thread: None

Heap address: 0x0000000084200000, size: 1982 MB, Compressed Oops mode: 32-bit
Narrow klass base: 0x0000000800000000, Narrow klass shift: 3
Compressed class space size: 1073741824 Address: 0x0000000801114000

Heap:
 garbage-first heap   total 129024K, used 1760K [0x0000000084200000, 0x0000000100000000)
  region size 1024K, 2 young (2048K), 0 survivors (0K)
 Metaspace       used 688K, capacity 4556K, committed 4864K, reserved 1056768K
  class space    used 70K, capacity 413K, committed 512K, reserved 1048576K
Heap Regions: E=young(eden), S=young(survivor), O=old, HS=humongous(starts), HC=humongous(continues), CS=collection set, F=free, A=archive, TAMS=top-at-mark-start (previous, next)
|   0|0x0000000084200000, 0x0000000084200000, 0x0000000084300000|  0%| F|  |TAMS 0x0000000084200000, 0x0000000084200000| Untracked 
|   1|0x0000000084300000, 0x0000000084300000, 0x0000000084400000|  0%| F|  |TAMS 0x0000000084300000, 0x0000000084300000| Untracked 
|   2|0x0000000084400000, 0x0000000084400000, 0x0000000084500000|  0%| F|  |TAMS 0x0000000084400000, 0x0000000084400000| Untracked 
|   3|0x0000000084500000, 0x0000000084500000, 0x0000000084600000|  0%| F|  |TAMS 0x0000000084500000, 0x0000000084500000| Untracked 
|   4|0x0000000084600000, 0x0000000084600000, 0x0000000084700000|  0%| F|  |TAMS 0x0000000084600000, 0x0000000084600000| Untracked 
|   5|0x0000000084700000, 0x0000000084700000, 0x0000000084800000|  0%| F|  |TAMS 0x0000000084700000, 0x0000000084700000| Untracked 
|   6|0x0000000084800000, 0x0000000084800000, 0x0000000084900000|  0%| F|  |TAMS 0x0000000084800000, 0x0000000084800000| Untracked 
|   7|0x0000000084900000, 0x0000000084900000, 0x0000000084a00000|  0%| F|  |TAMS 0x0000000084900000, 0x0000000084900000| Untracked 
|   8|0x0000000084a00000, 0x0000000084a00000, 0x0000000084b00000|  0%| F|  |TAMS 0x0000000084a00000, 0x0000000084a00000| Untracked 
|   9|0x0000000084b00000, 0x0000000084b00000, 0x0000000084c00000|  0%| F|  |TAMS 0x0000000084b00000, 0x0000000084b00000| Untracked 
|  10|0x0000000084c00000, 0x0000000084c00000, 0x0000000084d00000|  0%| F|  |TAMS 0x0000000084c00000, 0x0000000084c00000| Untracked 
|  11|0x0000000084d00000, 0x0000000084d00000, 0x0000000084e00000|  0%| F|  |TAMS 0x0000000084d00000, 0x0000000084d00000| Untracked 
|  12|0x0000000084e00000, 0x0000000084e00000, 0x0000000084f00000|  0%| F|  |TAMS 0x0000000084e00000, 0x0000000084e00000| Untracked 
|  13|0x0000000084f00000, 0x0000000084f00000, 0x0000000085000000|  0%| F|  |TAMS 0x0000000084f00000, 0x0000000084f00000| Untracked 
|  14|0x0000000085000000, 0x0000000085000000, 0x0000000085100000|  0%| F|  |TAMS 0x0000000085000000, 0x0000000085000000| Untracked 
|  15|0x0000000085100000, 0x0000000085100000, 0x0000000085200000|  0%| F|  |TAMS 0x0000000085100000, 0x0000000085100000| Untracked 
|  16|0x0000000085200000, 0x0000000085200000, 0x0000000085300000|  0%| F|  |TAMS 0x0000000085200000, 0x0000000085200000| Untracked 
|  17|0x0000000085300000, 0x0000000085300000, 0x0000000085400000|  0%| F|  |TAMS 0x0000000085300000, 0x0000000085300000| Untracked 
|  18|0x0000000085400000, 0x0000000085400000, 0x0000000085500000|  0%| F|  |TAMS 0x0000000085400000, 0x0000000085400000| Untracked 
|  19|0x0000000085500000, 0x0000000085500000, 0x0000000085600000|  0%| F|  |TAMS 0x0000000085500000, 0x0000000085500000| Untracked 
|  20|0x0000000085600000, 0x0000000085600000, 0x0000000085700000|  0%| F|  |TAMS 0x0000000085600000, 0x0000000085600000| Untracked 
|  21|0x0000000085700000, 0x0000000085700000, 0x0000000085800000|  0%| F|  |TAMS 0x0000000085700000, 0x0000000085700000| Untracked 
|  22|0x0000000085800000, 0x0000000085800000, 0x0000000085900000|  0%| F|  |TAMS 0x0000000085800000, 0x0000000085800000| Untracked 
|  23|0x0000000085900000, 0x0000000085900000, 0x0000000085a00000|  0%| F|  |TAMS 0x0000000085900000, 0x0000000085900000| Untracked 
|  24|0x0000000085a00000, 0x0000000085a00000, 0x0000000085b00000|  0%| F|  |TAMS 0x0000000085a00000, 0x0000000085a00000| Untracked 
|  25|0x0000000085b00000, 0x0000000085b00000, 0x0000000085c00000|  0%| F|  |TAMS 0x0000000085b00000, 0x0000000085b00000| Untracked 
|  26|0x0000000085c00000, 0x0000000085c00000, 0x0000000085d00000|  0%| F|  |TAMS 0x0000000085c00000, 0x0000000085c00000| Untracked 
|  27|0x0000000085d00000, 0x0000000085d00000, 0x0000000085e00000|  0%| F|  |TAMS 0x0000000085d00000, 0x0000000085d00000| Untracked 
|  28|0x0000000085e00000, 0x0000000085e00000, 0x0000000085f00000|  0%| F|  |TAMS 0x0000000085e00000, 0x0000000085e00000| Untracked 
|  29|0x0000000085f00000, 0x0000000085f00000, 0x0000000086000000|  0%| F|  |TAMS 0x0000000085f00000, 0x0000000085f00000| Untracked 
|  30|0x0000000086000000, 0x0000000086000000, 0x0000000086100000|  0%| F|  |TAMS 0x0000000086000000, 0x0000000086000000| Untracked 
|  31|0x0000000086100000, 0x0000000086100000, 0x0000000086200000|  0%| F|  |TAMS 0x0000000086100000, 0x0000000086100000| Untracked 
|  32|0x0000000086200000, 0x0000000086200000, 0x0000000086300000|  0%| F|  |TAMS 0x0000000086200000, 0x0000000086200000| Untracked 
|  33|0x0000000086300000, 0x0000000086300000, 0x0000000086400000|  0%| F|  |TAMS 0x0000000086300000, 0x0000000086300000| Untracked 
|  34|0x0000000086400000, 0x0000000086400000, 0x0000000086500000|  0%| F|  |TAMS 0x0000000086400000, 0x0000000086400000| Untracked 
|  35|0x0000000086500000, 0x0000000086500000, 0x0000000086600000|  0%| F|  |TAMS 0x0000000086500000, 0x0000000086500000| Untracked 
|  36|0x0000000086600000, 0x0000000086600000, 0x0000000086700000|  0%| F|  |TAMS 0x0000000086600000, 0x0000000086600000| Untracked 
|  37|0x0000000086700000, 0x0000000086700000, 0x0000000086800000|  0%| F|  |TAMS 0x0000000086700000, 0x0000000086700000| Untracked 
|  38|0x0000000086800000, 0x0000000086800000, 0x0000000086900000|  0%| F|  |TAMS 0x0000000086800000, 0x0000000086800000| Untracked 
|  39|0x0000000086900000, 0x0000000086900000, 0x0000000086a00000|  0%| F|  |TAMS 0x0000000086900000, 0x0000000086900000| Untracked 
|  40|0x0000000086a00000, 0x0000000086a00000, 0x0000000086b00000|  0%| F|  |TAMS 0x0000000086a00000, 0x0000000086a00000| Untracked 
|  41|0x0000000086b00000, 0x0000000086b00000, 0x0000000086c00000|  0%| F|  |TAMS 0x0000000086b00000, 0x0000000086b00000| Untracked 
|  42|0x0000000086c00000, 0x0000000086c00000, 0x0000000086d00000|  0%| F|  |TAMS 0x0000000086c00000, 0x0000000086c00000| Untracked 
|  43|0x0000000086d00000, 0x0000000086d00000, 0x0000000086e00000|  0%| F|  |TAMS 0x0000000086d00000, 0x0000000086d00000| Untracked 
|  44|0x0000000086e00000, 0x0000000086e00000, 0x0000000086f00000|  0%| F|  |TAMS 0x0000000086e00000, 0x0000000086e00000| Untracked 
|  45|0x0000000086f00000, 0x0000000086f00000, 0x0000000087000000|  0%| F|  |TAMS 0x0000000086f00000, 0x0000000086f00000| Untracked 
|  46|0x0000000087000000, 0x0000000087000000, 0x0000000087100000|  0%| F|  |TAMS 0x0000000087000000, 0x0000000087000000| Untracked 
|  47|0x0000000087100000, 0x0000000087100000, 0x0000000087200000|  0%| F|  |TAMS 0x0000000087100000, 0x0000000087100000| Untracked 
|  48|0x0000000087200000, 0x0000000087200000, 0x0000000087300000|  0%| F|  |TAMS 0x0000000087200000, 0x0000000087200000| Untracked 
|  49|0x0000000087300000, 0x0000000087300000, 0x0000000087400000|  0%| F|  |TAMS 0x0000000087300000, 0x0000000087300000| Untracked 
|  50|0x0000000087400000, 0x0000000087400000, 0x0000000087500000|  0%| F|  |TAMS 0x0000000087400000, 0x0000000087400000| Untracked 
|  51|0x0000000087500000, 0x0000000087500000, 0x0000000087600000|  0%| F|  |TAMS 0x0000000087500000, 0x0000000087500000| Untracked 
|  52|0x0000000087600000, 0x0000000087600000, 0x0000000087700000|  0%| F|  |TAMS 0x0000000087600000, 0x0000000087600000| Untracked 
|  53|0x0000000087700000, 0x0000000087700000, 0x0000000087800000|  0%| F|  |TAMS 0x0000000087700000, 0x0000000087700000| Untracked 
|  54|0x0000000087800000, 0x0000000087800000, 0x0000000087900000|  0%| F|  |TAMS 0x0000000087800000, 0x0000000087800000| Untracked 
|  55|0x0000000087900000, 0x0000000087900000, 0x0000000087a00000|  0%| F|  |TAMS 0x0000000087900000, 0x0000000087900000| Untracked 
|  56|0x0000000087a00000, 0x0000000087a00000, 0x0000000087b00000|  0%| F|  |TAMS 0x0000000087a00000, 0x0000000087a00000| Untracked 
|  57|0x0000000087b00000, 0x0000000087b00000, 0x0000000087c00000|  0%| F|  |TAMS 0x0000000087b00000, 0x0000000087b00000| Untracked 
|  58|0x0000000087c00000, 0x0000000087c00000, 0x0000000087d00000|  0%| F|  |TAMS 0x0000000087c00000, 0x0000000087c00000| Untracked 
|  59|0x0000000087d00000, 0x0000000087d00000, 0x0000000087e00000|  0%| F|  |TAMS 0x0000000087d00000, 0x0000000087d00000| Untracked 
|  60|0x0000000087e00000, 0x0000000087e00000, 0x0000000087f00000|  0%| F|  |TAMS 0x0000000087e00000, 0x0000000087e00000| Untracked 
|  61|0x0000000087f00000, 0x0000000087f00000, 0x0000000088000000|  0%| F|  |TAMS 0x0000000087f00000, 0x0000000087f00000| Untracked 
|  62|0x0000000088000000, 0x0000000088000000, 0x0000000088100000|  0%| F|  |TAMS 0x0000000088000000, 0x0000000088000000| Untracked 
|  63|0x0000000088100000, 0x0000000088100000, 0x0000000088200000|  0%| F|  |TAMS 0x0000000088100000, 0x0000000088100000| Untracked 
|  64|0x0000000088200000, 0x0000000088200000, 0x0000000088300000|  0%| F|  |TAMS 0x0000000088200000, 0x0000000088200000| Untracked 
|  65|0x0000000088300000, 0x0000000088300000, 0x0000000088400000|  0%| F|  |TAMS 0x0000000088300000, 0x0000000088300000| Untracked 
|  66|0x0000000088400000, 0x0000000088400000, 0x0000000088500000|  0%| F|  |TAMS 0x0000000088400000, 0x0000000088400000| Untracked 
|  67|0x0000000088500000, 0x0000000088500000, 0x0000000088600000|  0%| F|  |TAMS 0x0000000088500000, 0x0000000088500000| Untracked 
|  68|0x0000000088600000, 0x0000000088600000, 0x0000000088700000|  0%| F|  |TAMS 0x0000000088600000, 0x0000000088600000| Untracked 
|  69|0x0000000088700000, 0x0000000088700000, 0x0000000088800000|  0%| F|  |TAMS 0x0000000088700000, 0x0000000088700000| Untracked 
|  70|0x0000000088800000, 0x0000000088800000, 0x0000000088900000|  0%| F|  |TAMS 0x0000000088800000, 0x0000000088800000| Untracked 
|  71|0x0000000088900000, 0x0000000088900000, 0x0000000088a00000|  0%| F|  |TAMS 0x0000000088900000, 0x0000000088900000| Untracked 
|  72|0x0000000088a00000, 0x0000000088a00000, 0x0000000088b00000|  0%| F|  |TAMS 0x0000000088a00000, 0x0000000088a00000| Untracked 
|  73|0x0000000088b00000, 0x0000000088b00000, 0x0000000088c00000|  0%| F|  |TAMS 0x0000000088b00000, 0x0000000088b00000| Untracked 
|  74|0x0000000088c00000, 0x0000000088c00000, 0x0000000088d00000|  0%| F|  |TAMS 0x0000000088c00000, 0x0000000088c00000| Untracked 
|  75|0x0000000088d00000, 0x0000000088d00000, 0x0000000088e00000|  0%| F|  |TAMS 0x0000000088d00000, 0x0000000088d00000| Untracked 
|  76|0x0000000088e00000, 0x0000000088e00000, 0x0000000088f00000|  0%| F|  |TAMS 0x0000000088e00000, 0x0000000088e00000| Untracked 
|  77|0x0000000088f00000, 0x0000000088f00000, 0x0000000089000000|  0%| F|  |TAMS 0x0000000088f00000, 0x0000000088f00000| Untracked 
|  78|0x0000000089000000, 0x0000000089000000, 0x0000000089100000|  0%| F|  |TAMS 0x0000000089000000, 0x0000000089000000| Untracked 
|  79|0x0000000089100000, 0x0000000089100000, 0x0000000089200000|  0%| F|  |TAMS 0x0000000089100000, 0x0000000089100000| Untracked 
|  80|0x0000000089200000, 0x0000000089200000, 0x0000000089300000|  0%| F|  |TAMS 0x0000000089200000, 0x0000000089200000| Untracked 
|  81|0x0000000089300000, 0x0000000089300000, 0x0000000089400000|  0%| F|  |TAMS 0x0000000089300000, 0x0000000089300000| Untracked 
|  82|0x0000000089400000, 0x0000000089400000, 0x0000000089500000|  0%| F|  |TAMS 0x0000000089400000, 0x0000000089400000| Untracked 
|  83|0x0000000089500000, 0x0000000089500000, 0x0000000089600000|  0%| F|  |TAMS 0x0000000089500000, 0x0000000089500000| Untracked 
|  84|0x0000000089600000, 0x0000000089600000, 0x0000000089700000|  0%| F|  |TAMS 0x0000000089600000, 0x0000000089600000| Untracked 
|  85|0x0000000089700000, 0x0000000089700000, 0x0000000089800000|  0%| F|  |TAMS 0x0000000089700000, 0x0000000089700000| Untracked 
|  86|0x0000000089800000, 0x0000000089800000, 0x0000000089900000|  0%| F|  |TAMS 0x0000000089800000, 0x0000000089800000| Untracked 
|  87|0x0000000089900000, 0x0000000089900000, 0x0000000089a00000|  0%| F|  |TAMS 0x0000000089900000, 0x0000000089900000| Untracked 
|  88|0x0000000089a00000, 0x0000000089a00000, 0x0000000089b00000|  0%| F|  |TAMS 0x0000000089a00000, 0x0000000089a00000| Untracked 
|  89|0x0000000089b00000, 0x0000000089b00000, 0x0000000089c00000|  0%| F|  |TAMS 0x0000000089b00000, 0x0000000089b00000| Untracked 
|  90|0x0000000089c00000, 0x0000000089c00000, 0x0000000089d00000|  0%| F|  |TAMS 0x0000000089c00000, 0x0000000089c00000| Untracked 
|  91|0x0000000089d00000, 0x0000000089d00000, 0x0000000089e00000|  0%| F|  |TAMS 0x0000000089d00000, 0x0000000089d00000| Untracked 
|  92|0x0000000089e00000, 0x0000000089e00000, 0x0000000089f00000|  0%| F|  |TAMS 0x0000000089e00000, 0x0000000089e00000| Untracked 
|  93|0x0000000089f00000, 0x0000000089f00000, 0x000000008a000000|  0%| F|  |TAMS 0x0000000089f00000, 0x0000000089f00000| Untracked 
|  94|0x000000008a000000, 0x000000008a000000, 0x000000008a100000|  0%| F|  |TAMS 0x000000008a000000, 0x000000008a000000| Untracked 
|  95|0x000000008a100000, 0x000000008a100000, 0x000000008a200000|  0%| F|  |TAMS 0x000000008a100000, 0x000000008a100000| Untracked 
|  96|0x000000008a200000, 0x000000008a200000, 0x000000008a300000|  0%| F|  |TAMS 0x000000008a200000, 0x000000008a200000| Untracked 
|  97|0x000000008a300000, 0x000000008a300000, 0x000000008a400000|  0%| F|  |TAMS 0x000000008a300000, 0x000000008a300000| Untracked 
|  98|0x000000008a400000, 0x000000008a400000, 0x000000008a500000|  0%| F|  |TAMS 0x000000008a400000, 0x000000008a400000| Untracked 
|  99|0x000000008a500000, 0x000000008a500000, 0x000000008a600000|  0%| F|  |TAMS 0x000000008a500000, 0x000000008a500000| Untracked 
| 100|0x000000008a600000, 0x000000008a600000, 0x000000008a700000|  0%| F|  |TAMS 0x000000008a600000, 0x000000008a600000| Untracked 
| 101|0x000000008a700000, 0x000000008a700000, 0x000000008a800000|  0%| F|  |TAMS 0x000000008a700000, 0x000000008a700000| Untracked 
| 102|0x000000008a800000, 0x000000008a800000, 0x000000008a900000|  0%| F|  |TAMS 0x000000008a800000, 0x000000008a800000| Untracked 
| 103|0x000000008a900000, 0x000000008a900000, 0x000000008aa00000|  0%| F|  |TAMS 0x000000008a900000, 0x000000008a900000| Untracked 
| 104|0x000000008aa00000, 0x000000008aa00000, 0x000000008ab00000|  0%| F|  |TAMS 0x000000008aa00000, 0x000000008aa00000| Untracked 
| 105|0x000000008ab00000, 0x000000008ab00000, 0x000000008ac00000|  0%| F|  |TAMS 0x000000008ab00000, 0x000000008ab00000| Untracked 
| 106|0x000000008ac00000, 0x000000008ac00000, 0x000000008ad00000|  0%| F|  |TAMS 0x000000008ac00000, 0x000000008ac00000| Untracked 
| 107|0x000000008ad00000, 0x000000008ad00000, 0x000000008ae00000|  0%| F|  |TAMS 0x000000008ad00000, 0x000000008ad00000| Untracked 
| 108|0x000000008ae00000, 0x000000008ae00000, 0x000000008af00000|  0%| F|  |TAMS 0x000000008ae00000, 0x000000008ae00000| Untracked 
| 109|0x000000008af00000, 0x000000008af00000, 0x000000008b000000|  0%| F|  |TAMS 0x000000008af00000, 0x000000008af00000| Untracked 
| 110|0x000000008b000000, 0x000000008b000000, 0x000000008b100000|  0%| F|  |TAMS 0x000000008b000000, 0x000000008b000000| Untracked 
| 111|0x000000008b100000, 0x000000008b100000, 0x000000008b200000|  0%| F|  |TAMS 0x000000008b100000, 0x000000008b100000| Untracked 
| 112|0x000000008b200000, 0x000000008b200000, 0x000000008b300000|  0%| F|  |TAMS 0x000000008b200000, 0x000000008b200000| Untracked 
| 113|0x000000008b300000, 0x000000008b300000, 0x000000008b400000|  0%| F|  |TAMS 0x000000008b300000, 0x000000008b300000| Untracked 
| 114|0x000000008b400000, 0x000000008b400000, 0x000000008b500000|  0%| F|  |TAMS 0x000000008b400000, 0x000000008b400000| Untracked 
| 115|0x000000008b500000, 0x000000008b500000, 0x000000008b600000|  0%| F|  |TAMS 0x000000008b500000, 0x000000008b500000| Untracked 
| 116|0x000000008b600000, 0x000000008b600000, 0x000000008b700000|  0%| F|  |TAMS 0x000000008b600000, 0x000000008b600000| Untracked 
| 117|0x000000008b700000, 0x000000008b700000, 0x000000008b800000|  0%| F|  |TAMS 0x000000008b700000, 0x000000008b700000| Untracked 
| 118|0x000000008b800000, 0x000000008b800000, 0x000000008b900000|  0%| F|  |TAMS 0x000000008b800000, 0x000000008b800000| Untracked 
| 119|0x000000008b900000, 0x000000008b900000, 0x000000008ba00000|  0%| F|  |TAMS 0x000000008b900000, 0x000000008b900000| Untracked 
| 120|0x000000008ba00000, 0x000000008ba00000, 0x000000008bb00000|  0%| F|  |TAMS 0x000000008ba00000, 0x000000008ba00000| Untracked 
| 121|0x000000008bb00000, 0x000000008bb00000, 0x000000008bc00000|  0%| F|  |TAMS 0x000000008bb00000, 0x000000008bb00000| Untracked 
| 122|0x000000008bc00000, 0x000000008bcf65b8, 0x000000008bd00000| 96%| E|  |TAMS 0x000000008bc00000, 0x000000008bc00000| Complete 
| 123|0x000000008bd00000, 0x000000008be00000, 0x000000008be00000|100%| E|CS|TAMS 0x000000008bd00000, 0x000000008bd00000| Complete 
|1980|0x00000000ffe00000, 0x00000000ffe46000, 0x00000000fff00000| 27%|OA|  |TAMS 0x00000000ffe00000, 0x00000000ffe00000| Untracked 
|1981|0x00000000fff00000, 0x00000000fff72000, 0x0000000100000000| 44%|CA|  |TAMS 0x00000000fff00000, 0x00000000fff00000| Untracked 

Card table byte_map: [0x00007fb01cddf000,0x00007fb01d1be000] _byte_map_base: 0x00007fb01c9be000

Marking Bits (Prev, Next): (CMBitMap*) 0x00007fb018050ff8, (CMBitMap*) 0x00007fb018051038
 Prev Bits: [0x00007faffe9b0000, 0x00007fb0008a8000)
 Next Bits: [0x00007faffcab8000, 0x00007faffe9b0000)

Polling page: 0x00007fb01f9d6000

Metaspace:

Usage:
  Non-class:      4.05 MB capacity,   618.09 KB ( 15%) used,     3.44 MB ( 85%) free+waste,     2.81 KB ( <1%) overhead. 
      Class:    413.00 KB capacity,    70.12 KB ( 17%) used,   341.07 KB ( 83%) free+waste,     1.81 KB ( <1%) overhead. 
       Both:      4.45 MB capacity,   688.21 KB ( 15%) used,     3.77 MB ( 85%) free+waste,     4.62 KB ( <1%) overhead. 

Virtual space:
  Non-class space:        8.00 MB reserved,       4.25 MB ( 53%) committed 
      Class space:        1.00 GB reserved,     512.00 KB ( <1%) committed 
             Both:        1.01 GB reserved,       4.75 MB ( <1%) committed 

Chunk freelists:
   Non-Class:  0 bytes
       Class:  0 bytes
        Both:  0 bytes

CodeHeap 'non-profiled nmethods': size=120032Kb used=78Kb max_used=78Kb free=119953Kb
 bounds [0x00007fb008370000, 0x00007fb0085e0000, 0x00007fb00f8a8000]
CodeHeap 'profiled nmethods': size=120028Kb used=282Kb max_used=282Kb free=119745Kb
 bounds [0x00007fb000e39000, 0x00007fb0010a9000, 0x00007fb008370000]
CodeHeap 'non-nmethods': size=5700Kb used=1059Kb max_used=1064Kb free=4640Kb
 bounds [0x00007fb0008a8000, 0x00007fb000b18000, 0x00007fb000e39000]
 total_blobs=651 nmethods=249 adapters=258
 compilation: enabled
              stopped_count=0, restarted_count=0
 full_count=0

Compilation events (10 events):
Event: 0.124 Thread 0x00007fb018128800  186       3       java.util.HashMap::keySet (25 bytes)
Event: 0.124 Thread 0x00007fb018128800 nmethod 186 0x00007fb000e71b10 code [0x00007fb000e71ce0, 0x00007fb000e72130]
Event: 0.124 Thread 0x00007fb018128800  187       3       java.util.HashMap$KeySet::iterator (12 bytes)
Event: 0.124 Thread 0x00007fb018128800 nmethod 187 0x00007fb000e72290 code [0x00007fb000e72460, 0x00007fb000e72748]
Event: 0.125 Thread 0x00007fb018128800  188       3       java.util.HashMap$KeyIterator::<init> (11 bytes)
Event: 0.125 Thread 0x00007fb018128800 nmethod 188 0x00007fb000e72810 code [0x00007fb000e729e0, 0x00007fb000e72be8]
Event: 0.125 Thread 0x00007fb018128800  189       3       java.util.HashSet::iterator (13 bytes)
Event: 0.125 Thread 0x00007fb018128800 nmethod 189 0x00007fb000e72c90 code [0x00007fb000e72e60, 0x00007fb000e73178]
Event: 0.125 Thread 0x00007fb018128800  185       3       java.util.HashSet::<init> (16 bytes)
Event: 0.125 Thread 0x00007fb018128800 nmethod 185 0x00007fb000e73290 code [0x00007fb000e73480, 0x00007fb000e73910]

GC Heap History (0 events):
No events

Deoptimization events (0 events):
No events

Classes redefined (0 events):
No events

Internal exceptions (1 events):
Event: 0.103 Thread 0x00007fb018011000 Exception <a 'sun/nio/fs/UnixException'{0x000000008bd92508}> (0x000000008bd92508) thrown at [/build/openjdk-12-Hk1Beo/openjdk-12-12.0.1+12/src/hotspot/share/prims/jni.cpp, line 615]

Events (10 events):
Event: 0.104 loading class java/util/HashMap$ValueSpliterator
Event: 0.104 loading class java/util/HashMap$HashMapSpliterator
Event: 0.104 loading class java/util/HashMap$HashMapSpliterator done
Event: 0.104 loading class java/util/HashMap$ValueSpliterator done
Event: 0.104 loading class java/util/HashMap$KeySpliterator
Event: 0.104 loading class java/util/HashMap$KeySpliterator done
Event: 0.105 loading class java/util/LinkedHashSet
Event: 0.106 loading class java/util/LinkedHashSet done
Event: 0.106 Executing VM operation: Deoptimize
Event: 0.106 Executing VM operation: Deoptimize done


Dynamic libraries:
84200000-8be00000 rw-p 00000000 00:00 0 
8be00000-ffe00000 ---p 00000000 00:00 0 
ffe00000-ffe46000 rw-p 01187000 08:05 3672248                            /usr/lib/jvm/java-12-openjdk-amd64/lib/server/classes.jsa
ffe46000-fff00000 rw-p 00000000 00:00 0 
fff00000-fff72000 rw-p 01115000 08:05 3672248                            /usr/lib/jvm/java-12-openjdk-amd64/lib/server/classes.jsa
fff72000-100000000 rw-p 00000000 00:00 0 
800000000-800003000 rwxp 00001000 08:05 3672248                          /usr/lib/jvm/java-12-openjdk-amd64/lib/server/classes.jsa
800003000-8003d3000 rw-p 00004000 08:05 3672248                          /usr/lib/jvm/java-12-openjdk-amd64/lib/server/classes.jsa
8003d3000-800ad5000 r--p 003d4000 08:05 3672248                          /usr/lib/jvm/java-12-openjdk-amd64/lib/server/classes.jsa
800ad5000-800ad6000 rw-p 00ad6000 08:05 3672248                          /usr/lib/jvm/java-12-openjdk-amd64/lib/server/classes.jsa
800ad6000-801114000 r--p 00ad7000 08:05 3672248                          /usr/lib/jvm/java-12-openjdk-amd64/lib/server/classes.jsa
801114000-801194000 rw-p 00000000 00:00 0 
801194000-841114000 ---p 00000000 00:00 0 
557f9da72000-557f9da73000 r--p 00000000 08:05 3540066                    /usr/lib/jvm/java-12-openjdk-amd64/bin/java
557f9da73000-557f9da74000 r-xp 00001000 08:05 3540066                    /usr/lib/jvm/java-12-openjdk-amd64/bin/java
557f9da74000-557f9da75000 r--p 00002000 08:05 3540066                    /usr/lib/jvm/java-12-openjdk-amd64/bin/java
557f9da75000-557f9da76000 r--p 00002000 08:05 3540066                    /usr/lib/jvm/java-12-openjdk-amd64/bin/java
557f9da76000-557f9da77000 rw-p 00003000 08:05 3540066                    /usr/lib/jvm/java-12-openjdk-amd64/bin/java
557f9db7c000-557f9db9d000 rw-p 00000000 00:00 0                          [heap]
7fafb8000000-7fafb8021000 rw-p 00000000 00:00 0 
7fafb8021000-7fafbc000000 ---p 00000000 00:00 0 
7fafc0000000-7fafc0021000 rw-p 00000000 00:00 0 
7fafc0021000-7fafc4000000 ---p 00000000 00:00 0 
7fafc4000000-7fafc4021000 rw-p 00000000 00:00 0 
7fafc4021000-7fafc8000000 ---p 00000000 00:00 0 
7fafc8000000-7fafc811b000 rw-p 00000000 00:00 0 
7fafc811b000-7fafcc000000 ---p 00000000 00:00 0 
7fafcc000000-7fafcc021000 rw-p 00000000 00:00 0 
7fafcc021000-7fafd0000000 ---p 00000000 00:00 0 
7fafd0000000-7fafd0021000 rw-p 00000000 00:00 0 
7fafd0021000-7fafd4000000 ---p 00000000 00:00 0 
7fafd4000000-7fafd40a0000 rw-p 00000000 00:00 0 
7fafd40a0000-7fafd8000000 ---p 00000000 00:00 0 
7fafd8000000-7fafd8021000 rw-p 00000000 00:00 0 
7fafd8021000-7fafdc000000 ---p 00000000 00:00 0 
7fafdc000000-7fafdc021000 rw-p 00000000 00:00 0 
7fafdc021000-7fafe0000000 ---p 00000000 00:00 0 
7fafe0000000-7fafe0021000 rw-p 00000000 00:00 0 
7fafe0021000-7fafe4000000 ---p 00000000 00:00 0 
7fafe4000000-7fafe4021000 rw-p 00000000 00:00 0 
7fafe4021000-7fafe8000000 ---p 00000000 00:00 0 
7fafe8000000-7fafe8021000 rw-p 00000000 00:00 0 
7fafe8021000-7fafec000000 ---p 00000000 00:00 0 
7fafec4ca000-7fafec4cb000 ---p 00000000 00:00 0 
7fafec4cb000-7fafec5cc000 rw-p 00000000 00:00 0 
7fafec5cc000-7fafec5d0000 ---p 00000000 00:00 0 
7fafec5d0000-7fafec6cd000 rw-p 00000000 00:00 0 
7fafec6cd000-7fafec6d1000 ---p 00000000 00:00 0 
7fafec6d1000-7fafec7ce000 rw-p 00000000 00:00 0 
7fafec7ce000-7fafec7d2000 ---p 00000000 00:00 0 
7fafec7d2000-7fafec8cf000 rw-p 00000000 00:00 0 
7fafec8cf000-7fafec8d3000 ---p 00000000 00:00 0 
7fafec8d3000-7fafec9d0000 rw-p 00000000 00:00 0 
7fafec9d0000-7fafed7ff000 r--p 00000000 08:05 3546194                    /usr/lib/locale/locale-archive
7fafed800000-7fafedc40000 rw-p 00000000 00:00 0 
7fafedc40000-7fafee000000 ---p 00000000 00:00 0 
7fafee000000-7faff0000000 rw-p 00000000 00:00 0 
7faff0000000-7faff0021000 rw-p 00000000 00:00 0 
7faff0021000-7faff4000000 ---p 00000000 00:00 0 
7faff4000000-7faff4021000 rw-p 00000000 00:00 0 
7faff4021000-7faff8000000 ---p 00000000 00:00 0 
7faff8000000-7faff8021000 rw-p 00000000 00:00 0 
7faff8021000-7faffc000000 ---p 00000000 00:00 0 
7faffc03f000-7faffc070000 rw-p 00000000 00:00 0 
7faffc070000-7faffc074000 r--p 00000000 08:05 3555008                    /usr/lib/jvm/java-12-openjdk-amd64/lib/libnet.so
7faffc074000-7faffc083000 r-xp 00004000 08:05 3555008                    /usr/lib/jvm/java-12-openjdk-amd64/lib/libnet.so
7faffc083000-7faffc087000 r--p 00013000 08:05 3555008                    /usr/lib/jvm/java-12-openjdk-amd64/lib/libnet.so
7faffc087000-7faffc088000 r--p 00016000 08:05 3555008                    /usr/lib/jvm/java-12-openjdk-amd64/lib/libnet.so
7faffc088000-7faffc089000 rw-p 00017000 08:05 3555008                    /usr/lib/jvm/java-12-openjdk-amd64/lib/libnet.so
7faffc08f000-7faffc093000 ---p 00000000 00:00 0 
7faffc093000-7faffc190000 rw-p 00000000 00:00 0 
7faffc190000-7faffc194000 ---p 00000000 00:00 0 
7faffc194000-7faffc291000 rw-p 00000000 00:00 0 
7faffc291000-7faffc295000 ---p 00000000 00:00 0 
7faffc295000-7faffc392000 rw-p 00000000 00:00 0 
7faffc392000-7faffc396000 ---p 00000000 00:00 0 
7faffc396000-7faffc493000 rw-p 00000000 00:00 0 
7faffc493000-7faffc494000 ---p 00000000 00:00 0 
7faffc494000-7faffc6b2000 rw-p 00000000 00:00 0 
7faffc6b2000-7faffc6b3000 ---p 00000000 00:00 0 
7faffc6b3000-7faffc7b4000 rw-p 00000000 00:00 0 
7faffc7b4000-7faffc7b5000 ---p 00000000 00:00 0 
7faffc7b5000-7faffcca8000 rw-p 00000000 00:00 0 
7faffcca8000-7faffe9a8000 ---p 00000000 00:00 0 
7faffe9a8000-7faffeba0000 rw-p 00000000 00:00 0 
7faffeba0000-7fb0008a0000 ---p 00000000 00:00 0 
7fb0008a0000-7fb0008a8000 rw-p 00000000 00:00 0 
7fb0008a8000-7fb000b18000 rwxp 00000000 00:00 0 
7fb000b18000-7fb000e39000 ---p 00000000 00:00 0 
7fb000e39000-7fb0010a9000 rwxp 00000000 00:00 0 
7fb0010a9000-7fb008370000 ---p 00000000 00:00 0 
7fb008370000-7fb0085e0000 rwxp 00000000 00:00 0 
7fb0085e0000-7fb00f8a8000 ---p 00000000 00:00 0 
7fb00f8a8000-7fb017ffe000 r--s 00000000 08:05 3555018                    /usr/lib/jvm/java-12-openjdk-amd64/lib/modules
7fb018000000-7fb01818b000 rw-p 00000000 00:00 0 
7fb01818b000-7fb01c000000 ---p 00000000 00:00 0 
7fb01c018000-7fb01c01e000 r--p 00000000 08:05 3555009                    /usr/lib/jvm/java-12-openjdk-amd64/lib/libnio.so
7fb01c01e000-7fb01c026000 r-xp 00006000 08:05 3555009                    /usr/lib/jvm/java-12-openjdk-amd64/lib/libnio.so
7fb01c026000-7fb01c02a000 r--p 0000e000 08:05 3555009                    /usr/lib/jvm/java-12-openjdk-amd64/lib/libnio.so
7fb01c02a000-7fb01c02b000 r--p 00011000 08:05 3555009                    /usr/lib/jvm/java-12-openjdk-amd64/lib/libnio.so
7fb01c02b000-7fb01c02c000 rw-p 00012000 08:05 3555009                    /usr/lib/jvm/java-12-openjdk-amd64/lib/libnio.so
7fb01c032000-7fb01c67a000 rw-p 00000000 00:00 0 
7fb01c67a000-7fb01c67b000 ---p 00000000 00:00 0 
7fb01c67b000-7fb01c77c000 rw-p 00000000 00:00 0 
7fb01c77c000-7fb01c77d000 ---p 00000000 00:00 0 
7fb01c77d000-7fb01c87e000 rw-p 00000000 00:00 0 
7fb01c87e000-7fb01c87f000 ---p 00000000 00:00 0 
7fb01c87f000-7fb01ca3e000 rw-p 00000000 00:00 0 
7fb01ca3e000-7fb01cdde000 ---p 00000000 00:00 0 
7fb01cdde000-7fb01ce1d000 rw-p 00000000 00:00 0 
7fb01ce1d000-7fb01d1bd000 ---p 00000000 00:00 0 
7fb01d1bd000-7fb01d1fc000 rw-p 00000000 00:00 0 
7fb01d1fc000-7fb01d59c000 ---p 00000000 00:00 0 
7fb01d59c000-7fb01ddaa000 rw-p 00000000 00:00 0 
7fb01ddaa000-7fb01de90000 ---p 00000000 00:00 0 
7fb01de90000-7fb01de95000 rw-p 00000000 00:00 0 
7fb01de95000-7fb01df7b000 ---p 00000000 00:00 0 
7fb01df7b000-7fb01df80000 rw-p 00000000 00:00 0 
7fb01df80000-7fb01df87000 ---p 00000000 00:00 0 
7fb01df87000-7fb01df89000 r--s 00007000 08:05 4201721                    /usr/share/java/java-atk-wrapper.jar
7fb01df90000-7fb01df92000 r--p 00000000 08:05 3554999                    /usr/lib/jvm/java-12-openjdk-amd64/lib/libjimage.so
7fb01df92000-7fb01df95000 r-xp 00002000 08:05 3554999                    /usr/lib/jvm/java-12-openjdk-amd64/lib/libjimage.so
7fb01df95000-7fb01df97000 r--p 00005000 08:05 3554999                    /usr/lib/jvm/java-12-openjdk-amd64/lib/libjimage.so
7fb01df97000-7fb01df98000 r--p 00006000 08:05 3554999                    /usr/lib/jvm/java-12-openjdk-amd64/lib/libjimage.so
7fb01df98000-7fb01df99000 rw-p 00007000 08:05 3554999                    /usr/lib/jvm/java-12-openjdk-amd64/lib/libjimage.so
7fb01dfa0000-7fb01dfa2000 r--p 00000000 08:05 3555017                    /usr/lib/jvm/java-12-openjdk-amd64/lib/libzip.so
7fb01dfa2000-7fb01dfa6000 r-xp 00002000 08:05 3555017                    /usr/lib/jvm/java-12-openjdk-amd64/lib/libzip.so
7fb01dfa6000-7fb01dfa8000 r--p 00006000 08:05 3555017                    /usr/lib/jvm/java-12-openjdk-amd64/lib/libzip.so
7fb01dfa8000-7fb01dfa9000 r--p 00007000 08:05 3555017                    /usr/lib/jvm/java-12-openjdk-amd64/lib/libzip.so
7fb01dfa9000-7fb01dfaa000 rw-p 00008000 08:05 3555017                    /usr/lib/jvm/java-12-openjdk-amd64/lib/libzip.so
7fb01dfb0000-7fb01dfb8000 rw-s 00000000 08:05 3672532                    /tmp/hsperfdata_thlavlu/15548
7fb01dfb8000-7fb01dfc5000 r--p 00000000 08:05 3554995                    /usr/lib/jvm/java-12-openjdk-amd64/lib/libjava.so
7fb01dfc5000-7fb01dfd9000 r-xp 0000d000 08:05 3554995                    /usr/lib/jvm/java-12-openjdk-amd64/lib/libjava.so
7fb01dfd9000-7fb01dfdf000 r--p 00021000 08:05 3554995                    /usr/lib/jvm/java-12-openjdk-amd64/lib/libjava.so
7fb01dfdf000-7fb01dfe0000 r--p 00026000 08:05 3554995                    /usr/lib/jvm/java-12-openjdk-amd64/lib/libjava.so
7fb01dfe0000-7fb01dfe2000 rw-p 00027000 08:05 3554995                    /usr/lib/jvm/java-12-openjdk-amd64/lib/libjava.so
7fb01dfe7000-7fb01dfeb000 ---p 00000000 00:00 0 
7fb01dfeb000-7fb01e0e8000 rw-p 00000000 00:00 0 
7fb01e0e8000-7fb01e0eb000 r--p 00000000 08:05 3539135                    /usr/lib/x86_64-linux-gnu/libgcc_s.so.1
7fb01e0eb000-7fb01e0fc000 r-xp 00003000 08:05 3539135                    /usr/lib/x86_64-linux-gnu/libgcc_s.so.1
7fb01e0fc000-7fb01e100000 r--p 00014000 08:05 3539135                    /usr/lib/x86_64-linux-gnu/libgcc_s.so.1
7fb01e100000-7fb01e101000 r--p 00017000 08:05 3539135                    /usr/lib/x86_64-linux-gnu/libgcc_s.so.1
7fb01e101000-7fb01e102000 rw-p 00018000 08:05 3539135                    /usr/lib/x86_64-linux-gnu/libgcc_s.so.1
7fb01e108000-7fb01e117000 r--p 00000000 08:05 3547486                    /usr/lib/x86_64-linux-gnu/libm-2.29.so
7fb01e117000-7fb01e1bd000 r-xp 0000f000 08:05 3547486                    /usr/lib/x86_64-linux-gnu/libm-2.29.so
7fb01e1bd000-7fb01e254000 r--p 000b5000 08:05 3547486                    /usr/lib/x86_64-linux-gnu/libm-2.29.so
7fb01e254000-7fb01e255000 r--p 0014b000 08:05 3547486                    /usr/lib/x86_64-linux-gnu/libm-2.29.so
7fb01e255000-7fb01e256000 rw-p 0014c000 08:05 3547486                    /usr/lib/x86_64-linux-gnu/libm-2.29.so
7fb01e258000-7fb01e2ed000 r--p 00000000 08:05 3539380                    /usr/lib/x86_64-linux-gnu/libstdc++.so.6.0.26
7fb01e2ed000-7fb01e3df000 r-xp 00095000 08:05 3539380                    /usr/lib/x86_64-linux-gnu/libstdc++.so.6.0.26
7fb01e3df000-7fb01e428000 r--p 00187000 08:05 3539380                    /usr/lib/x86_64-linux-gnu/libstdc++.so.6.0.26
7fb01e428000-7fb01e429000 ---p 001d0000 08:05 3539380                    /usr/lib/x86_64-linux-gnu/libstdc++.so.6.0.26
7fb01e429000-7fb01e434000 r--p 001d0000 08:05 3539380                    /usr/lib/x86_64-linux-gnu/libstdc++.so.6.0.26
7fb01e434000-7fb01e437000 rw-p 001db000 08:05 3539380                    /usr/lib/x86_64-linux-gnu/libstdc++.so.6.0.26
7fb01e437000-7fb01e43a000 rw-p 00000000 00:00 0 
7fb01e440000-7fb01e6c5000 r--p 00000000 08:05 3672576                    /usr/lib/jvm/java-12-openjdk-amd64/lib/server/libjvm.so
7fb01e6c5000-7fb01f35d000 r-xp 00285000 08:05 3672576                    /usr/lib/jvm/java-12-openjdk-amd64/lib/server/libjvm.so
7fb01f35d000-7fb01f5cb000 r--p 00f1d000 08:05 3672576                    /usr/lib/jvm/java-12-openjdk-amd64/lib/server/libjvm.so
7fb01f5cb000-7fb01f690000 r--p 0118a000 08:05 3672576                    /usr/lib/jvm/java-12-openjdk-amd64/lib/server/libjvm.so
7fb01f690000-7fb01f6cb000 rw-p 0124f000 08:05 3672576                    /usr/lib/jvm/java-12-openjdk-amd64/lib/server/libjvm.so
7fb01f6cb000-7fb01f74e000 rw-p 00000000 00:00 0 
7fb01f750000-7fb01f757000 r--p 00000000 08:05 3547756                    /usr/lib/x86_64-linux-gnu/libpthread-2.29.so
7fb01f757000-7fb01f766000 r-xp 00007000 08:05 3547756                    /usr/lib/x86_64-linux-gnu/libpthread-2.29.so
7fb01f766000-7fb01f76b000 r--p 00016000 08:05 3547756                    /usr/lib/x86_64-linux-gnu/libpthread-2.29.so
7fb01f76b000-7fb01f76c000 r--p 0001a000 08:05 3547756                    /usr/lib/x86_64-linux-gnu/libpthread-2.29.so
7fb01f76c000-7fb01f76d000 rw-p 0001b000 08:05 3547756                    /usr/lib/x86_64-linux-gnu/libpthread-2.29.so
7fb01f76d000-7fb01f771000 rw-p 00000000 00:00 0 
7fb01f778000-7fb01f779000 r--p 00000000 08:05 3547004                    /usr/lib/x86_64-linux-gnu/libdl-2.29.so
7fb01f779000-7fb01f77b000 r-xp 00001000 08:05 3547004                    /usr/lib/x86_64-linux-gnu/libdl-2.29.so
7fb01f77b000-7fb01f77c000 r--p 00003000 08:05 3547004                    /usr/lib/x86_64-linux-gnu/libdl-2.29.so
7fb01f77c000-7fb01f77d000 r--p 00003000 08:05 3547004                    /usr/lib/x86_64-linux-gnu/libdl-2.29.so
7fb01f77d000-7fb01f77e000 rw-p 00004000 08:05 3547004                    /usr/lib/x86_64-linux-gnu/libdl-2.29.so
7fb01f780000-7fb01f782000 r--p 00000000 08:05 3548172                    /usr/lib/x86_64-linux-gnu/libz.so.1.2.11
7fb01f782000-7fb01f793000 r-xp 00002000 08:05 3548172                    /usr/lib/x86_64-linux-gnu/libz.so.1.2.11
7fb01f793000-7fb01f799000 r--p 00013000 08:05 3548172                    /usr/lib/x86_64-linux-gnu/libz.so.1.2.11
7fb01f799000-7fb01f79a000 ---p 00019000 08:05 3548172                    /usr/lib/x86_64-linux-gnu/libz.so.1.2.11
7fb01f79a000-7fb01f79b000 r--p 00019000 08:05 3548172                    /usr/lib/x86_64-linux-gnu/libz.so.1.2.11
7fb01f79b000-7fb01f79c000 rw-p 0001a000 08:05 3548172                    /usr/lib/x86_64-linux-gnu/libz.so.1.2.11
7fb01f7a0000-7fb01f7c5000 r--p 00000000 08:05 3546867                    /usr/lib/x86_64-linux-gnu/libc-2.29.so
7fb01f7c5000-7fb01f938000 r-xp 00025000 08:05 3546867                    /usr/lib/x86_64-linux-gnu/libc-2.29.so
7fb01f938000-7fb01f981000 r--p 00198000 08:05 3546867                    /usr/lib/x86_64-linux-gnu/libc-2.29.so
7fb01f981000-7fb01f984000 r--p 001e0000 08:05 3546867                    /usr/lib/x86_64-linux-gnu/libc-2.29.so
7fb01f984000-7fb01f987000 rw-p 001e3000 08:05 3546867                    /usr/lib/x86_64-linux-gnu/libc-2.29.so
7fb01f987000-7fb01f98b000 rw-p 00000000 00:00 0 
7fb01f990000-7fb01f993000 r--p 00000000 08:05 3547614                    /usr/lib/x86_64-linux-gnu/libnss_files-2.29.so
7fb01f993000-7fb01f99a000 r-xp 00003000 08:05 3547614                    /usr/lib/x86_64-linux-gnu/libnss_files-2.29.so
7fb01f99a000-7fb01f99c000 r--p 0000a000 08:05 3547614                    /usr/lib/x86_64-linux-gnu/libnss_files-2.29.so
7fb01f99c000-7fb01f99d000 r--p 0000b000 08:05 3547614                    /usr/lib/x86_64-linux-gnu/libnss_files-2.29.so
7fb01f99d000-7fb01f99e000 rw-p 0000c000 08:05 3547614                    /usr/lib/x86_64-linux-gnu/libnss_files-2.29.so
7fb01f99e000-7fb01f9a4000 rw-p 00000000 00:00 0 
7fb01f9a8000-7fb01f9ad000 r--p 00000000 08:05 3555016                    /usr/lib/jvm/java-12-openjdk-amd64/lib/libverify.so
7fb01f9ad000-7fb01f9b4000 r-xp 00005000 08:05 3555016                    /usr/lib/jvm/java-12-openjdk-amd64/lib/libverify.so
7fb01f9b4000-7fb01f9b6000 r--p 0000c000 08:05 3555016                    /usr/lib/jvm/java-12-openjdk-amd64/lib/libverify.so
7fb01f9b6000-7fb01f9b8000 r--p 0000d000 08:05 3555016                    /usr/lib/jvm/java-12-openjdk-amd64/lib/libverify.so
7fb01f9b8000-7fb01f9b9000 rw-p 0000f000 08:05 3555016                    /usr/lib/jvm/java-12-openjdk-amd64/lib/libverify.so
7fb01f9c0000-7fb01f9c3000 r--p 00000000 08:05 3555000                    /usr/lib/jvm/java-12-openjdk-amd64/lib/libjli.so
7fb01f9c3000-7fb01f9cd000 r-xp 00003000 08:05 3555000                    /usr/lib/jvm/java-12-openjdk-amd64/lib/libjli.so
7fb01f9cd000-7fb01f9d0000 r--p 0000d000 08:05 3555000                    /usr/lib/jvm/java-12-openjdk-amd64/lib/libjli.so
7fb01f9d0000-7fb01f9d1000 r--p 0000f000 08:05 3555000                    /usr/lib/jvm/java-12-openjdk-amd64/lib/libjli.so
7fb01f9d1000-7fb01f9d2000 rw-p 00010000 08:05 3555000                    /usr/lib/jvm/java-12-openjdk-amd64/lib/libjli.so
7fb01f9d6000-7fb01f9d7000 ---p 00000000 00:00 0 
7fb01f9d7000-7fb01f9d8000 r--p 00000000 00:00 0 
7fb01f9d8000-7fb01f9d9000 r--p 00000000 08:05 3546647                    /usr/lib/x86_64-linux-gnu/ld-2.29.so
7fb01f9d9000-7fb01f9fa000 r-xp 00001000 08:05 3546647                    /usr/lib/x86_64-linux-gnu/ld-2.29.so
7fb01f9fa000-7fb01fa02000 r--p 00022000 08:05 3546647                    /usr/lib/x86_64-linux-gnu/ld-2.29.so
7fb01fa02000-7fb01fa03000 r--p 00029000 08:05 3546647                    /usr/lib/x86_64-linux-gnu/ld-2.29.so
7fb01fa03000-7fb01fa04000 rw-p 0002a000 08:05 3546647                    /usr/lib/x86_64-linux-gnu/ld-2.29.so
7fb01fa04000-7fb01fa05000 rw-p 00000000 00:00 0 
7fb01fa06000-7fb01fa07000 ---p 00000000 00:00 0 
7fb01fa07000-7fb01fa0b000 rw-p 00000000 00:00 0 
7ffdc6478000-7ffdc6499000 rw-p 00000000 00:00 0                          [stack]
7ffdc6548000-7ffdc654b000 r--p 00000000 00:00 0                          [vvar]
7ffdc654b000-7ffdc654c000 r-xp 00000000 00:00 0                          [vdso]
ffffffffff600000-ffffffffff601000 r-xp 00000000 00:00 0                  [vsyscall]


VM Arguments:
jvm_args: -Dfile.encoding=UTF-8 --module-path=/home/thlavlu/Dropbox/Programming/NetBean/CSE220/LAB10/build/classes 
java_command: lab10.LAB10
java_class_path (initial): /home/thlavlu/Dropbox/Programming/NetBean/CSE220/LAB10/build/classes
Launcher Type: SUN_STANDARD

[Global flags]
     intx CICompilerCount                          = 4                                         {product} {ergonomic}
     uint ConcGCThreads                            = 2                                         {product} {ergonomic}
     uint G1ConcRefinementThreads                  = 8                                         {product} {ergonomic}
   size_t G1HeapRegionSize                         = 1048576                                   {product} {ergonomic}
    uintx GCDrainStackTargetSize                   = 64                                        {product} {ergonomic}
   size_t InitialHeapSize                          = 130023424                                 {product} {ergonomic}
   size_t MarkStackSize                            = 4194304                                   {product} {ergonomic}
   size_t MaxHeapSize                              = 2078277632                                {product} {ergonomic}
   size_t MaxNewSize                               = 1246756864                                {product} {ergonomic}
   size_t MinHeapDeltaBytes                        = 1048576                                   {product} {ergonomic}
    uintx NonNMethodCodeHeapSize                   = 5836300                                {pd product} {ergonomic}
    uintx NonProfiledCodeHeapSize                  = 122910970                              {pd product} {ergonomic}
    uintx ProfiledCodeHeapSize                     = 122910970                              {pd product} {ergonomic}
    uintx ReservedCodeCacheSize                    = 251658240                              {pd product} {ergonomic}
     bool SegmentedCodeCache                       = true                                      {product} {ergonomic}
     bool UseCompressedClassPointers               = true                                 {lp64_product} {ergonomic}
     bool UseCompressedOops                        = true                                 {lp64_product} {ergonomic}
     bool UseG1GC                                  = true                                      {product} {ergonomic}

Logging:
Log output configuration:
 #0: stdout all=warning uptime,level,tags
 #1: stderr all=off uptime,level,tags

Environment Variables:
PATH=/usr/local/sbin:/usr/local/bin:/usr/sbin:/usr/bin:/sbin:/bin:/usr/games:/usr/local/games:/snap/bin
USERNAME=thlavlu
SHELL=/bin/bash
DISPLAY=:1

Signal Handlers:
SIGSEGV: [libjvm.so+0xea8c10], sa_mask[0]=11111111011111111101111111111110, sa_flags=SA_RESTART|SA_SIGINFO
SIGBUS: [libjvm.so+0xea8c10], sa_mask[0]=11111111011111111101111111111110, sa_flags=SA_RESTART|SA_SIGINFO
SIGFPE: [libjvm.so+0xea8c10], sa_mask[0]=11111111011111111101111111111110, sa_flags=SA_RESTART|SA_SIGINFO
SIGPIPE: [libjvm.so+0xb82640], sa_mask[0]=11111111011111111101111111111110, sa_flags=SA_RESTART|SA_SIGINFO
SIGXFSZ: [libjvm.so+0xb82640], sa_mask[0]=11111111011111111101111111111110, sa_flags=SA_RESTART|SA_SIGINFO
SIGILL: [libjvm.so+0xea8c10], sa_mask[0]=11111111011111111101111111111110, sa_flags=SA_RESTART|SA_SIGINFO
SIGUSR2: [libjvm.so+0xb824d0], sa_mask[0]=00100000000000000000000000000000, sa_flags=SA_RESTART|SA_SIGINFO
SIGHUP: [libjvm.so+0xb82980], sa_mask[0]=11111111011111111101111111111110, sa_flags=SA_RESTART|SA_SIGINFO
SIGINT: SIG_IGN, sa_mask[0]=00000000000000000000000000000000, sa_flags=none
SIGTERM: [libjvm.so+0xb82980], sa_mask[0]=11111111011111111101111111111110, sa_flags=SA_RESTART|SA_SIGINFO
SIGQUIT: [libjvm.so+0xb82980], sa_mask[0]=11111111011111111101111111111110, sa_flags=SA_RESTART|SA_SIGINFO


---------------  S Y S T E M  ---------------

OS:DISTRIB_ID=Ubuntu
DISTRIB_RELEASE=19.04
DISTRIB_CODENAME=disco
DISTRIB_DESCRIPTION="Ubuntu 19.04"
uname:Linux 5.0.0-20-generic #21-Ubuntu SMP Mon Jun 24 09:32:09 UTC 2019 x86_64
libc:glibc 2.29 NPTL 2.29 
rlimit: STACK 8192k, CORE 0k, NPROC 31233, NOFILE 1048576, AS infinity, DATA infinity, FSIZE infinity
load average:2.77 1.31 0.99

/proc/meminfo:
MemTotal:        8110404 kB
MemFree:          587340 kB
MemAvailable:    3869148 kB
Buffers:          535336 kB
Cached:          2963100 kB
SwapCached:            0 kB
Active:          5097444 kB
Inactive:        1717608 kB
Active(anon):    3292532 kB
Inactive(anon):   184708 kB
Active(file):    1804912 kB
Inactive(file):  1532900 kB
Unevictable:          64 kB
Mlocked:              64 kB
SwapTotal:       3906556 kB
SwapFree:        3906556 kB
Dirty:               876 kB
Writeback:            88 kB
AnonPages:       3316572 kB
Mapped:           850732 kB
Shmem:            160596 kB
KReclaimable:     247816 kB
Slab:             446376 kB
SReclaimable:     247816 kB
SUnreclaim:       198560 kB
KernelStack:       19720 kB
PageTables:        40504 kB
NFS_Unstable:          0 kB
Bounce:                0 kB
WritebackTmp:          0 kB
CommitLimit:     7961756 kB
Committed_AS:   11423448 kB
VmallocTotal:   34359738367 kB
VmallocUsed:           0 kB
VmallocChunk:          0 kB
Percpu:             6880 kB
HardwareCorrupted:     0 kB
AnonHugePages:         0 kB
ShmemHugePages:        0 kB
ShmemPmdMapped:        0 kB
CmaTotal:              0 kB
CmaFree:               0 kB
HugePages_Total:       0
HugePages_Free:        0
HugePages_Rsvd:        0
HugePages_Surp:        0
Hugepagesize:       2048 kB
Hugetlb:               0 kB
DirectMap4k:      537248 kB
DirectMap2M:     7798784 kB
DirectMap1G:     1048576 kB


/proc/sys/kernel/threads-max (system-wide limit on the number of threads):
62466


/proc/sys/vm/max_map_count (maximum number of memory map areas a process may have):
65530


/proc/sys/kernel/pid_max (system-wide limit on number of process identifiers):
32768



container (cgroup) information:
container_type: cgroupv1
cpu_cpuset_cpus: 0-7
cpu_memory_nodes: 0
active_processor_count: 8
cpu_quota: -1
cpu_period: 100000
cpu_shares: -1
memory_limit_in_bytes: -1
memory_and_swap_limit_in_bytes: -2
memory_soft_limit_in_bytes: -1
memory_usage_in_bytes: 4926992384
memory_max_usage_in_bytes: 5103501312


CPU:total 8 (initial active 8) (8 cores per cpu, 1 threads per core) family 21 model 1 stepping 2, cmov, cx8, fxsr, mmx, sse, sse2, sse3, ssse3, sse4.1, sse4.2, popcnt, avx, aes, clmul, mmxext, 3dnowpref, lzcnt, sse4a, tsc, tscinvbit, tscinv
CPU Model and flags from /proc/cpuinfo:
model name	: AMD FX(tm)-8150 Eight-Core Processor
flags		: fpu vme de pse tsc msr pae mce cx8 apic sep mtrr pge mca cmov pat pse36 clflush mmx fxsr sse sse2 ht syscall nx mmxext fxsr_opt pdpe1gb rdtscp lm constant_tsc rep_good nopl nonstop_tsc cpuid extd_apicid aperfmperf pni pclmulqdq monitor ssse3 cx16 sse4_1 sse4_2 popcnt aes xsave avx lahf_lm cmp_legacy svm extapic cr8_legacy abm sse4a misalignsse 3dnowprefetch osvw ibs xop skinit wdt fma4 nodeid_msr topoext perfctr_core perfctr_nb cpb hw_pstate ssbd ibpb vmmcall arat npt lbrv svm_lock nrip_save tsc_scale vmcb_clean flushbyasid decodeassists pausefilter pfthreshold

Memory: 4k page, physical 8110404k(587340k free), swap 3906556k(3906556k free)

vm_info: OpenJDK 64-Bit Server VM (12.0.1+12-Ubuntu-1) for linux-amd64 JRE (12.0.1+12-Ubuntu-1), built on Apr 17 2019 02:08:58 by "buildd" with gcc 8.3.0

END.
